{"/Users/Revan/IdeaProjects/memorize/app/app/(auth)/_layout.tsx": {"path":"/Users/Revan/IdeaProjects/memorize/app/app/(auth)/_layout.tsx","statementMap":{"0":{"start":{"line":4,"column":2},"end":{"line":15,"column":4}}},"fnMap":{"0":{"name":"AuthLayout","decl":{"start":{"line":3,"column":24},"end":{"line":3,"column":34}},"loc":{"start":{"line":3,"column":37},"end":{"line":16,"column":1}},"line":3}},"branchMap":{},"s":{"0":0},"f":{"0":0},"b":{}}
,"/Users/Revan/IdeaProjects/memorize/app/app/(auth)/index.tsx": {"path":"/Users/Revan/IdeaProjects/memorize/app/app/(auth)/index.tsx","statementMap":{"0":{"start":{"line":10,"column":17},"end":{"line":10,"column":28}},"1":{"start":{"line":12,"column":2},"end":{"line":44,"column":4}},"2":{"start":{"line":34,"column":27},"end":{"line":34,"column":58}},"3":{"start":{"line":39,"column":27},"end":{"line":39,"column":55}},"4":{"start":{"line":47,"column":15},"end":{"line":90,"column":2}}},"fnMap":{"0":{"name":"WelcomeScreen","decl":{"start":{"line":9,"column":24},"end":{"line":9,"column":37}},"loc":{"start":{"line":9,"column":40},"end":{"line":45,"column":1}},"line":9},"1":{"name":"(anonymous_1)","decl":{"start":{"line":34,"column":21},"end":{"line":34,"column":22}},"loc":{"start":{"line":34,"column":27},"end":{"line":34,"column":58}},"line":34},"2":{"name":"(anonymous_2)","decl":{"start":{"line":39,"column":21},"end":{"line":39,"column":22}},"loc":{"start":{"line":39,"column":27},"end":{"line":39,"column":55}},"line":39}},"branchMap":{"0":{"loc":{"start":{"line":55,"column":16},"end":{"line":55,"column":46}},"type":"cond-expr","locations":[{"start":{"line":55,"column":40},"end":{"line":55,"column":42}},{"start":{"line":55,"column":45},"end":{"line":55,"column":46}}],"line":55},"1":{"loc":{"start":{"line":88,"column":19},"end":{"line":88,"column":49}},"type":"cond-expr","locations":[{"start":{"line":88,"column":43},"end":{"line":88,"column":45}},{"start":{"line":88,"column":48},"end":{"line":88,"column":49}}],"line":88}},"s":{"0":7,"1":7,"2":1,"3":1,"4":1},"f":{"0":7,"1":1,"2":1},"b":{"0":[0,1],"1":[0,1]},"_coverageSchema":"1a1c01bbd47fc00a2c39e90264f33305004495a9","hash":"09bdba2e1bfd466869316d54dab06b631974a671"}
,"/Users/Revan/IdeaProjects/memorize/app/app/(auth)/login.tsx": {"path":"/Users/Revan/IdeaProjects/memorize/app/app/(auth)/login.tsx","statementMap":{"0":{"start":{"line":22,"column":17},"end":{"line":22,"column":28}},"1":{"start":{"line":23,"column":50},"end":{"line":23,"column":59}},"2":{"start":{"line":25,"column":28},"end":{"line":25,"column":40}},"3":{"start":{"line":26,"column":34},"end":{"line":26,"column":46}},"4":{"start":{"line":27,"column":40},"end":{"line":30,"column":8}},"5":{"start":{"line":32,"column":19},"end":{"line":47,"column":3}},"6":{"start":{"line":33,"column":58},"end":{"line":33,"column":60}},"7":{"start":{"line":35,"column":4},"end":{"line":39,"column":5}},"8":{"start":{"line":36,"column":6},"end":{"line":36,"column":41}},"9":{"start":{"line":37,"column":11},"end":{"line":39,"column":5}},"10":{"start":{"line":38,"column":6},"end":{"line":38,"column":50}},"11":{"start":{"line":41,"column":4},"end":{"line":43,"column":5}},"12":{"start":{"line":42,"column":6},"end":{"line":42,"column":47}},"13":{"start":{"line":45,"column":4},"end":{"line":45,"column":27}},"14":{"start":{"line":46,"column":4},"end":{"line":46,"column":44}},"15":{"start":{"line":49,"column":22},"end":{"line":59,"column":3}},"16":{"start":{"line":50,"column":4},"end":{"line":50,"column":17}},"17":{"start":{"line":51,"column":4},"end":{"line":51,"column":28}},"18":{"start":{"line":51,"column":21},"end":{"line":51,"column":28}},"19":{"start":{"line":53,"column":4},"end":{"line":58,"column":5}},"20":{"start":{"line":54,"column":6},"end":{"line":54,"column":53}},"21":{"start":{"line":61,"column":2},"end":{"line":152,"column":4}},"22":{"start":{"line":73,"column":27},"end":{"line":73,"column":40}},"23":{"start":{"line":96,"column":16},"end":{"line":96,"column":31}},"24":{"start":{"line":97,"column":16},"end":{"line":97,"column":91}},"25":{"start":{"line":97,"column":39},"end":{"line":97,"column":91}},"26":{"start":{"line":97,"column":62},"end":{"line":97,"column":88}},"27":{"start":{"line":108,"column":16},"end":{"line":108,"column":34}},"28":{"start":{"line":109,"column":16},"end":{"line":109,"column":97}},"29":{"start":{"line":109,"column":42},"end":{"line":109,"column":97}},"30":{"start":{"line":109,"column":65},"end":{"line":109,"column":94}},"31":{"start":{"line":136,"column":29},"end":{"line":136,"column":74}},"32":{"start":{"line":145,"column":45},"end":{"line":145,"column":79}},"33":{"start":{"line":155,"column":15},"end":{"line":246,"column":2}}},"fnMap":{"0":{"name":"LoginScreen","decl":{"start":{"line":21,"column":24},"end":{"line":21,"column":35}},"loc":{"start":{"line":21,"column":38},"end":{"line":153,"column":1}},"line":21},"1":{"name":"(anonymous_1)","decl":{"start":{"line":32,"column":19},"end":{"line":32,"column":20}},"loc":{"start":{"line":32,"column":34},"end":{"line":47,"column":3}},"line":32},"2":{"name":"(anonymous_2)","decl":{"start":{"line":49,"column":22},"end":{"line":49,"column":23}},"loc":{"start":{"line":49,"column":34},"end":{"line":59,"column":3}},"line":49},"3":{"name":"(anonymous_3)","decl":{"start":{"line":73,"column":21},"end":{"line":73,"column":22}},"loc":{"start":{"line":73,"column":27},"end":{"line":73,"column":40}},"line":73},"4":{"name":"(anonymous_4)","decl":{"start":{"line":95,"column":28},"end":{"line":95,"column":29}},"loc":{"start":{"line":95,"column":38},"end":{"line":98,"column":15}},"line":95},"5":{"name":"(anonymous_5)","decl":{"start":{"line":97,"column":54},"end":{"line":97,"column":55}},"loc":{"start":{"line":97,"column":62},"end":{"line":97,"column":88}},"line":97},"6":{"name":"(anonymous_6)","decl":{"start":{"line":107,"column":28},"end":{"line":107,"column":29}},"loc":{"start":{"line":107,"column":38},"end":{"line":110,"column":15}},"line":107},"7":{"name":"(anonymous_7)","decl":{"start":{"line":109,"column":57},"end":{"line":109,"column":58}},"loc":{"start":{"line":109,"column":65},"end":{"line":109,"column":94}},"line":109},"8":{"name":"(anonymous_8)","decl":{"start":{"line":136,"column":23},"end":{"line":136,"column":24}},"loc":{"start":{"line":136,"column":29},"end":{"line":136,"column":74}},"line":136},"9":{"name":"(anonymous_9)","decl":{"start":{"line":145,"column":39},"end":{"line":145,"column":40}},"loc":{"start":{"line":145,"column":45},"end":{"line":145,"column":79}},"line":145}},"branchMap":{"0":{"loc":{"start":{"line":35,"column":4},"end":{"line":39,"column":5}},"type":"if","locations":[{"start":{"line":35,"column":4},"end":{"line":39,"column":5}},{"start":{"line":37,"column":11},"end":{"line":39,"column":5}}],"line":35},"1":{"loc":{"start":{"line":37,"column":11},"end":{"line":39,"column":5}},"type":"if","locations":[{"start":{"line":37,"column":11},"end":{"line":39,"column":5}},{"start":{},"end":{}}],"line":37},"2":{"loc":{"start":{"line":41,"column":4},"end":{"line":43,"column":5}},"type":"if","locations":[{"start":{"line":41,"column":4},"end":{"line":43,"column":5}},{"start":{},"end":{}}],"line":41},"3":{"loc":{"start":{"line":51,"column":4},"end":{"line":51,"column":28}},"type":"if","locations":[{"start":{"line":51,"column":4},"end":{"line":51,"column":28}},{"start":{},"end":{}}],"line":51},"4":{"loc":{"start":{"line":64,"column":18},"end":{"line":64,"column":62}},"type":"cond-expr","locations":[{"start":{"line":64,"column":42},"end":{"line":64,"column":51}},{"start":{"line":64,"column":54},"end":{"line":64,"column":62}}],"line":64},"5":{"loc":{"start":{"line":83,"column":11},"end":{"line":88,"column":11}},"type":"binary-expr","locations":[{"start":{"line":83,"column":11},"end":{"line":83,"column":16}},{"start":{"line":84,"column":12},"end":{"line":87,"column":19}}],"line":83},"6":{"loc":{"start":{"line":97,"column":16},"end":{"line":97,"column":91}},"type":"if","locations":[{"start":{"line":97,"column":16},"end":{"line":97,"column":91}},{"start":{},"end":{}}],"line":97},"7":{"loc":{"start":{"line":109,"column":16},"end":{"line":109,"column":97}},"type":"if","locations":[{"start":{"line":109,"column":16},"end":{"line":109,"column":97}},{"start":{},"end":{}}],"line":109},"8":{"loc":{"start":{"line":163,"column":16},"end":{"line":163,"column":46}},"type":"cond-expr","locations":[{"start":{"line":163,"column":40},"end":{"line":163,"column":42}},{"start":{"line":163,"column":45},"end":{"line":163,"column":46}}],"line":163}},"s":{"0":47,"1":47,"2":47,"3":47,"4":47,"5":47,"6":8,"7":8,"8":3,"9":5,"10":1,"11":8,"12":6,"13":8,"14":8,"15":47,"16":8,"17":8,"18":6,"19":2,"20":2,"21":47,"22":1,"23":6,"24":6,"25":1,"26":1,"27":3,"28":3,"29":1,"30":1,"31":0,"32":1,"33":1},"f":{"0":47,"1":8,"2":8,"3":1,"4":6,"5":1,"6":3,"7":1,"8":0,"9":1},"b":{"0":[3,5],"1":[1,4],"2":[6,2],"3":[6,2],"4":[47,0],"5":[47,1],"6":[1,5],"7":[1,2],"8":[0,1]},"_coverageSchema":"1a1c01bbd47fc00a2c39e90264f33305004495a9","hash":"85c6413577b528b122770fd7bb2fde8cdfb97b85"}
,"/Users/Revan/IdeaProjects/memorize/app/app/(auth)/register.tsx": {"path":"/Users/Revan/IdeaProjects/memorize/app/app/(auth)/register.tsx","statementMap":{"0":{"start":{"line":24,"column":14},"end":{"line":24,"column":15}},"1":{"start":{"line":25,"column":2},"end":{"line":25,"column":36}},"2":{"start":{"line":25,"column":28},"end":{"line":25,"column":36}},"3":{"start":{"line":26,"column":2},"end":{"line":26,"column":37}},"4":{"start":{"line":26,"column":29},"end":{"line":26,"column":37}},"5":{"start":{"line":27,"column":2},"end":{"line":27,"column":38}},"6":{"start":{"line":27,"column":30},"end":{"line":27,"column":38}},"7":{"start":{"line":28,"column":2},"end":{"line":28,"column":38}},"8":{"start":{"line":28,"column":30},"end":{"line":28,"column":38}},"9":{"start":{"line":29,"column":2},"end":{"line":29,"column":45}},"10":{"start":{"line":29,"column":37},"end":{"line":29,"column":45}},"11":{"start":{"line":31,"column":2},"end":{"line":31,"column":75}},"12":{"start":{"line":31,"column":18},"end":{"line":31,"column":75}},"13":{"start":{"line":32,"column":2},"end":{"line":32,"column":76}},"14":{"start":{"line":32,"column":18},"end":{"line":32,"column":76}},"15":{"start":{"line":33,"column":2},"end":{"line":33,"column":76}},"16":{"start":{"line":33,"column":18},"end":{"line":33,"column":76}},"17":{"start":{"line":34,"column":2},"end":{"line":34,"column":78}},"18":{"start":{"line":34,"column":18},"end":{"line":34,"column":78}},"19":{"start":{"line":35,"column":2},"end":{"line":35,"column":67}},"20":{"start":{"line":39,"column":17},"end":{"line":39,"column":28}},"21":{"start":{"line":40,"column":53},"end":{"line":40,"column":62}},"22":{"start":{"line":42,"column":28},"end":{"line":42,"column":40}},"23":{"start":{"line":43,"column":34},"end":{"line":43,"column":46}},"24":{"start":{"line":44,"column":48},"end":{"line":44,"column":60}},"25":{"start":{"line":45,"column":40},"end":{"line":49,"column":8}},"26":{"start":{"line":51,"column":19},"end":{"line":51,"column":66}},"27":{"start":{"line":53,"column":19},"end":{"line":76,"column":3}},"28":{"start":{"line":54,"column":39},"end":{"line":54,"column":41}},"29":{"start":{"line":56,"column":4},"end":{"line":60,"column":5}},"30":{"start":{"line":57,"column":6},"end":{"line":57,"column":41}},"31":{"start":{"line":58,"column":11},"end":{"line":60,"column":5}},"32":{"start":{"line":59,"column":6},"end":{"line":59,"column":50}},"33":{"start":{"line":62,"column":4},"end":{"line":66,"column":5}},"34":{"start":{"line":63,"column":6},"end":{"line":63,"column":47}},"35":{"start":{"line":64,"column":11},"end":{"line":66,"column":5}},"36":{"start":{"line":65,"column":6},"end":{"line":65,"column":65}},"37":{"start":{"line":68,"column":4},"end":{"line":72,"column":5}},"38":{"start":{"line":69,"column":6},"end":{"line":69,"column":62}},"39":{"start":{"line":70,"column":11},"end":{"line":72,"column":5}},"40":{"start":{"line":71,"column":6},"end":{"line":71,"column":56}},"41":{"start":{"line":74,"column":4},"end":{"line":74,"column":27}},"42":{"start":{"line":75,"column":4},"end":{"line":75,"column":44}},"43":{"start":{"line":78,"column":25},"end":{"line":87,"column":3}},"44":{"start":{"line":79,"column":4},"end":{"line":79,"column":17}},"45":{"start":{"line":80,"column":4},"end":{"line":80,"column":28}},"46":{"start":{"line":80,"column":21},"end":{"line":80,"column":28}},"47":{"start":{"line":82,"column":4},"end":{"line":86,"column":5}},"48":{"start":{"line":83,"column":6},"end":{"line":83,"column":56}},"49":{"start":{"line":89,"column":2},"end":{"line":201,"column":4}},"50":{"start":{"line":101,"column":27},"end":{"line":101,"column":40}},"51":{"start":{"line":124,"column":16},"end":{"line":124,"column":31}},"52":{"start":{"line":125,"column":16},"end":{"line":125,"column":91}},"53":{"start":{"line":125,"column":39},"end":{"line":125,"column":91}},"54":{"start":{"line":125,"column":62},"end":{"line":125,"column":88}},"55":{"start":{"line":137,"column":16},"end":{"line":137,"column":34}},"56":{"start":{"line":138,"column":16},"end":{"line":138,"column":97}},"57":{"start":{"line":138,"column":42},"end":{"line":138,"column":97}},"58":{"start":{"line":138,"column":65},"end":{"line":138,"column":94}},"59":{"start":{"line":150,"column":20},"end":{"line":161,"column":22}},"60":{"start":{"line":175,"column":16},"end":{"line":175,"column":41}},"61":{"start":{"line":176,"column":16},"end":{"line":177,"column":80}},"62":{"start":{"line":177,"column":18},"end":{"line":177,"column":80}},"63":{"start":{"line":177,"column":41},"end":{"line":177,"column":77}},"64":{"start":{"line":194,"column":45},"end":{"line":194,"column":76}},"65":{"start":{"line":204,"column":15},"end":{"line":290,"column":2}}},"fnMap":{"0":{"name":"getPasswordStrength","decl":{"start":{"line":19,"column":9},"end":{"line":19,"column":28}},"loc":{"start":{"line":23,"column":2},"end":{"line":36,"column":1}},"line":23},"1":{"name":"RegisterScreen","decl":{"start":{"line":38,"column":24},"end":{"line":38,"column":38}},"loc":{"start":{"line":38,"column":41},"end":{"line":202,"column":1}},"line":38},"2":{"name":"(anonymous_2)","decl":{"start":{"line":53,"column":19},"end":{"line":53,"column":20}},"loc":{"start":{"line":53,"column":34},"end":{"line":76,"column":3}},"line":53},"3":{"name":"(anonymous_3)","decl":{"start":{"line":78,"column":25},"end":{"line":78,"column":26}},"loc":{"start":{"line":78,"column":37},"end":{"line":87,"column":3}},"line":78},"4":{"name":"(anonymous_4)","decl":{"start":{"line":101,"column":21},"end":{"line":101,"column":22}},"loc":{"start":{"line":101,"column":27},"end":{"line":101,"column":40}},"line":101},"5":{"name":"(anonymous_5)","decl":{"start":{"line":123,"column":28},"end":{"line":123,"column":29}},"loc":{"start":{"line":123,"column":38},"end":{"line":126,"column":15}},"line":123},"6":{"name":"(anonymous_6)","decl":{"start":{"line":125,"column":54},"end":{"line":125,"column":55}},"loc":{"start":{"line":125,"column":62},"end":{"line":125,"column":88}},"line":125},"7":{"name":"(anonymous_7)","decl":{"start":{"line":136,"column":28},"end":{"line":136,"column":29}},"loc":{"start":{"line":136,"column":38},"end":{"line":139,"column":15}},"line":136},"8":{"name":"(anonymous_8)","decl":{"start":{"line":138,"column":57},"end":{"line":138,"column":58}},"loc":{"start":{"line":138,"column":65},"end":{"line":138,"column":94}},"line":138},"9":{"name":"(anonymous_9)","decl":{"start":{"line":149,"column":39},"end":{"line":149,"column":40}},"loc":{"start":{"line":150,"column":20},"end":{"line":161,"column":22}},"line":150},"10":{"name":"(anonymous_10)","decl":{"start":{"line":174,"column":28},"end":{"line":174,"column":29}},"loc":{"start":{"line":174,"column":38},"end":{"line":178,"column":15}},"line":174},"11":{"name":"(anonymous_11)","decl":{"start":{"line":177,"column":33},"end":{"line":177,"column":34}},"loc":{"start":{"line":177,"column":41},"end":{"line":177,"column":77}},"line":177},"12":{"name":"(anonymous_12)","decl":{"start":{"line":194,"column":39},"end":{"line":194,"column":40}},"loc":{"start":{"line":194,"column":45},"end":{"line":194,"column":76}},"line":194}},"branchMap":{"0":{"loc":{"start":{"line":25,"column":2},"end":{"line":25,"column":36}},"type":"if","locations":[{"start":{"line":25,"column":2},"end":{"line":25,"column":36}},{"start":{},"end":{}}],"line":25},"1":{"loc":{"start":{"line":26,"column":2},"end":{"line":26,"column":37}},"type":"if","locations":[{"start":{"line":26,"column":2},"end":{"line":26,"column":37}},{"start":{},"end":{}}],"line":26},"2":{"loc":{"start":{"line":27,"column":2},"end":{"line":27,"column":38}},"type":"if","locations":[{"start":{"line":27,"column":2},"end":{"line":27,"column":38}},{"start":{},"end":{}}],"line":27},"3":{"loc":{"start":{"line":28,"column":2},"end":{"line":28,"column":38}},"type":"if","locations":[{"start":{"line":28,"column":2},"end":{"line":28,"column":38}},{"start":{},"end":{}}],"line":28},"4":{"loc":{"start":{"line":29,"column":2},"end":{"line":29,"column":45}},"type":"if","locations":[{"start":{"line":29,"column":2},"end":{"line":29,"column":45}},{"start":{},"end":{}}],"line":29},"5":{"loc":{"start":{"line":31,"column":2},"end":{"line":31,"column":75}},"type":"if","locations":[{"start":{"line":31,"column":2},"end":{"line":31,"column":75}},{"start":{},"end":{}}],"line":31},"6":{"loc":{"start":{"line":32,"column":2},"end":{"line":32,"column":76}},"type":"if","locations":[{"start":{"line":32,"column":2},"end":{"line":32,"column":76}},{"start":{},"end":{}}],"line":32},"7":{"loc":{"start":{"line":33,"column":2},"end":{"line":33,"column":76}},"type":"if","locations":[{"start":{"line":33,"column":2},"end":{"line":33,"column":76}},{"start":{},"end":{}}],"line":33},"8":{"loc":{"start":{"line":34,"column":2},"end":{"line":34,"column":78}},"type":"if","locations":[{"start":{"line":34,"column":2},"end":{"line":34,"column":78}},{"start":{},"end":{}}],"line":34},"9":{"loc":{"start":{"line":51,"column":19},"end":{"line":51,"column":66}},"type":"cond-expr","locations":[{"start":{"line":51,"column":30},"end":{"line":51,"column":59}},{"start":{"line":51,"column":62},"end":{"line":51,"column":66}}],"line":51},"10":{"loc":{"start":{"line":56,"column":4},"end":{"line":60,"column":5}},"type":"if","locations":[{"start":{"line":56,"column":4},"end":{"line":60,"column":5}},{"start":{"line":58,"column":11},"end":{"line":60,"column":5}}],"line":56},"11":{"loc":{"start":{"line":58,"column":11},"end":{"line":60,"column":5}},"type":"if","locations":[{"start":{"line":58,"column":11},"end":{"line":60,"column":5}},{"start":{},"end":{}}],"line":58},"12":{"loc":{"start":{"line":62,"column":4},"end":{"line":66,"column":5}},"type":"if","locations":[{"start":{"line":62,"column":4},"end":{"line":66,"column":5}},{"start":{"line":64,"column":11},"end":{"line":66,"column":5}}],"line":62},"13":{"loc":{"start":{"line":64,"column":11},"end":{"line":66,"column":5}},"type":"if","locations":[{"start":{"line":64,"column":11},"end":{"line":66,"column":5}},{"start":{},"end":{}}],"line":64},"14":{"loc":{"start":{"line":68,"column":4},"end":{"line":72,"column":5}},"type":"if","locations":[{"start":{"line":68,"column":4},"end":{"line":72,"column":5}},{"start":{"line":70,"column":11},"end":{"line":72,"column":5}}],"line":68},"15":{"loc":{"start":{"line":70,"column":11},"end":{"line":72,"column":5}},"type":"if","locations":[{"start":{"line":70,"column":11},"end":{"line":72,"column":5}},{"start":{},"end":{}}],"line":70},"16":{"loc":{"start":{"line":80,"column":4},"end":{"line":80,"column":28}},"type":"if","locations":[{"start":{"line":80,"column":4},"end":{"line":80,"column":28}},{"start":{},"end":{}}],"line":80},"17":{"loc":{"start":{"line":92,"column":18},"end":{"line":92,"column":62}},"type":"cond-expr","locations":[{"start":{"line":92,"column":42},"end":{"line":92,"column":51}},{"start":{"line":92,"column":54},"end":{"line":92,"column":62}}],"line":92},"18":{"loc":{"start":{"line":111,"column":11},"end":{"line":116,"column":11}},"type":"binary-expr","locations":[{"start":{"line":111,"column":11},"end":{"line":111,"column":16}},{"start":{"line":112,"column":12},"end":{"line":115,"column":19}}],"line":111},"19":{"loc":{"start":{"line":125,"column":16},"end":{"line":125,"column":91}},"type":"if","locations":[{"start":{"line":125,"column":16},"end":{"line":125,"column":91}},{"start":{},"end":{}}],"line":125},"20":{"loc":{"start":{"line":138,"column":16},"end":{"line":138,"column":97}},"type":"if","locations":[{"start":{"line":138,"column":16},"end":{"line":138,"column":97}},{"start":{},"end":{}}],"line":138},"21":{"loc":{"start":{"line":146,"column":13},"end":{"line":168,"column":13}},"type":"binary-expr","locations":[{"start":{"line":146,"column":13},"end":{"line":146,"column":21}},{"start":{"line":147,"column":14},"end":{"line":167,"column":21}}],"line":146},"22":{"loc":{"start":{"line":156,"column":28},"end":{"line":158,"column":45}},"type":"cond-expr","locations":[{"start":{"line":157,"column":32},"end":{"line":157,"column":46}},{"start":{"line":158,"column":32},"end":{"line":158,"column":45}}],"line":156},"23":{"loc":{"start":{"line":176,"column":16},"end":{"line":177,"column":80}},"type":"if","locations":[{"start":{"line":176,"column":16},"end":{"line":177,"column":80}},{"start":{},"end":{}}],"line":176}},"s":{"0":18,"1":18,"2":15,"3":18,"4":10,"5":18,"6":3,"7":18,"8":13,"9":18,"10":1,"11":18,"12":3,"13":15,"14":6,"15":9,"16":7,"17":2,"18":1,"19":1,"20":73,"21":73,"22":73,"23":73,"24":73,"25":73,"26":73,"27":73,"28":10,"29":10,"30":3,"31":7,"32":1,"33":10,"34":5,"35":5,"36":1,"37":10,"38":7,"39":3,"40":1,"41":10,"42":10,"43":73,"44":10,"45":10,"46":8,"47":2,"48":2,"49":73,"50":1,"51":8,"52":8,"53":1,"54":1,"55":10,"56":10,"57":0,"58":0,"59":90,"60":3,"61":3,"62":0,"63":0,"64":1,"65":1},"f":{"0":18,"1":73,"2":10,"3":10,"4":1,"5":8,"6":1,"7":10,"8":0,"9":90,"10":3,"11":0,"12":1},"b":{"0":[15,3],"1":[10,8],"2":[3,15],"3":[13,5],"4":[1,17],"5":[3,15],"6":[6,9],"7":[7,2],"8":[1,1],"9":[18,55],"10":[3,7],"11":[1,6],"12":[5,5],"13":[1,4],"14":[7,3],"15":[1,2],"16":[8,2],"17":[73,0],"18":[73,1],"19":[1,7],"20":[0,10],"21":[73,18],"22":[45,45],"23":[0,3]},"_coverageSchema":"1a1c01bbd47fc00a2c39e90264f33305004495a9","hash":"6c57e724ae3e330bbc461d5a899e102707b111af"}
,"/Users/Revan/IdeaProjects/memorize/app/app/(tabs)/_layout.tsx": {"path":"/Users/Revan/IdeaProjects/memorize/app/app/(tabs)/_layout.tsx","statementMap":{"0":{"start":{"line":7,"column":2},"end":{"line":64,"column":4}},"1":{"start":{"line":32,"column":12},"end":{"line":32,"column":70}},"2":{"start":{"line":41,"column":12},"end":{"line":41,"column":72}},"3":{"start":{"line":50,"column":12},"end":{"line":50,"column":77}},"4":{"start":{"line":59,"column":12},"end":{"line":59,"column":75}}},"fnMap":{"0":{"name":"TabLayout","decl":{"start":{"line":6,"column":24},"end":{"line":6,"column":33}},"loc":{"start":{"line":6,"column":36},"end":{"line":65,"column":1}},"line":6},"1":{"name":"(anonymous_1)","decl":{"start":{"line":31,"column":22},"end":{"line":31,"column":23}},"loc":{"start":{"line":32,"column":12},"end":{"line":32,"column":70}},"line":32},"2":{"name":"(anonymous_2)","decl":{"start":{"line":40,"column":22},"end":{"line":40,"column":23}},"loc":{"start":{"line":41,"column":12},"end":{"line":41,"column":72}},"line":41},"3":{"name":"(anonymous_3)","decl":{"start":{"line":49,"column":22},"end":{"line":49,"column":23}},"loc":{"start":{"line":50,"column":12},"end":{"line":50,"column":77}},"line":50},"4":{"name":"(anonymous_4)","decl":{"start":{"line":58,"column":22},"end":{"line":58,"column":23}},"loc":{"start":{"line":59,"column":12},"end":{"line":59,"column":75}},"line":59}},"branchMap":{"0":{"loc":{"start":{"line":18,"column":18},"end":{"line":18,"column":49}},"type":"cond-expr","locations":[{"start":{"line":18,"column":42},"end":{"line":18,"column":44}},{"start":{"line":18,"column":47},"end":{"line":18,"column":49}}],"line":18},"1":{"loc":{"start":{"line":19,"column":25},"end":{"line":19,"column":55}},"type":"cond-expr","locations":[{"start":{"line":19,"column":49},"end":{"line":19,"column":50}},{"start":{"line":19,"column":53},"end":{"line":19,"column":55}}],"line":19}},"s":{"0":0,"1":0,"2":0,"3":0,"4":0},"f":{"0":0,"1":0,"2":0,"3":0,"4":0},"b":{"0":[0,0],"1":[0,0]}}
,"/Users/Revan/IdeaProjects/memorize/app/app/(tabs)/index.tsx": {"path":"/Users/Revan/IdeaProjects/memorize/app/app/(tabs)/index.tsx","statementMap":{"0":{"start":{"line":8,"column":20},"end":{"line":12,"column":1}},"1":{"start":{"line":15,"column":21},"end":{"line":15,"column":30}},"2":{"start":{"line":16,"column":17},"end":{"line":16,"column":28}},"3":{"start":{"line":18,"column":2},"end":{"line":112,"column":4}},"4":{"start":{"line":46,"column":14},"end":{"line":52,"column":16}},"5":{"start":{"line":61,"column":27},"end":{"line":61,"column":55}},"6":{"start":{"line":71,"column":27},"end":{"line":71,"column":54}},"7":{"start":{"line":83,"column":10},"end":{"line":108,"column":17}},"8":{"start":{"line":115,"column":15},"end":{"line":241,"column":2}}},"fnMap":{"0":{"name":"HomeScreen","decl":{"start":{"line":14,"column":24},"end":{"line":14,"column":34}},"loc":{"start":{"line":14,"column":37},"end":{"line":113,"column":1}},"line":14},"1":{"name":"(anonymous_1)","decl":{"start":{"line":45,"column":39},"end":{"line":45,"column":40}},"loc":{"start":{"line":46,"column":14},"end":{"line":52,"column":16}},"line":46},"2":{"name":"(anonymous_2)","decl":{"start":{"line":61,"column":21},"end":{"line":61,"column":22}},"loc":{"start":{"line":61,"column":27},"end":{"line":61,"column":55}},"line":61},"3":{"name":"(anonymous_3)","decl":{"start":{"line":71,"column":21},"end":{"line":71,"column":22}},"loc":{"start":{"line":71,"column":27},"end":{"line":71,"column":54}},"line":71},"4":{"name":"(anonymous_4)","decl":{"start":{"line":82,"column":25},"end":{"line":82,"column":26}},"loc":{"start":{"line":83,"column":10},"end":{"line":108,"column":17}},"line":83}},"branchMap":{"0":{"loc":{"start":{"line":50,"column":37},"end":{"line":50,"column":94}},"type":"cond-expr","locations":[{"start":{"line":50,"column":45},"end":{"line":50,"column":68}},{"start":{"line":50,"column":71},"end":{"line":50,"column":94}}],"line":50},"1":{"loc":{"start":{"line":93,"column":20},"end":{"line":93,"column":89}},"type":"cond-expr","locations":[{"start":{"line":93,"column":48},"end":{"line":93,"column":67}},{"start":{"line":93,"column":70},"end":{"line":93,"column":89}}],"line":93},"2":{"loc":{"start":{"line":101,"column":27},"end":{"line":101,"column":86}},"type":"cond-expr","locations":[{"start":{"line":101,"column":55},"end":{"line":101,"column":69}},{"start":{"line":101,"column":72},"end":{"line":101,"column":86}}],"line":101},"3":{"loc":{"start":{"line":105,"column":17},"end":{"line":105,"column":67}},"type":"cond-expr","locations":[{"start":{"line":105,"column":45},"end":{"line":105,"column":54}},{"start":{"line":105,"column":57},"end":{"line":105,"column":67}}],"line":105}},"s":{"0":1,"1":20,"2":20,"3":20,"4":140,"5":1,"6":1,"7":60,"8":1},"f":{"0":20,"1":140,"2":1,"3":1,"4":60},"b":{"0":[0,140],"1":[40,20],"2":[40,20],"3":[40,20]},"_coverageSchema":"1a1c01bbd47fc00a2c39e90264f33305004495a9","hash":"8c8a2b54bb6037bf2274d098154b634513220c37"}
,"/Users/Revan/IdeaProjects/memorize/app/app/(tabs)/learn.tsx": {"path":"/Users/Revan/IdeaProjects/memorize/app/app/(tabs)/learn.tsx","statementMap":{"0":{"start":{"line":6,"column":20},"end":{"line":28,"column":1}},"1":{"start":{"line":31,"column":42},"end":{"line":31,"column":53}},"2":{"start":{"line":32,"column":36},"end":{"line":32,"column":51}},"3":{"start":{"line":34,"column":15},"end":{"line":34,"column":40}},"4":{"start":{"line":35,"column":19},"end":{"line":35,"column":58}},"5":{"start":{"line":37,"column":21},"end":{"line":37,"column":51}},"6":{"start":{"line":37,"column":27},"end":{"line":37,"column":51}},"7":{"start":{"line":39,"column":21},"end":{"line":46,"column":3}},"8":{"start":{"line":40,"column":4},"end":{"line":40,"column":24}},"9":{"start":{"line":41,"column":4},"end":{"line":45,"column":5}},"10":{"start":{"line":42,"column":6},"end":{"line":42,"column":40}},"11":{"start":{"line":44,"column":6},"end":{"line":44,"column":25}},"12":{"start":{"line":48,"column":2},"end":{"line":126,"column":4}},"13":{"start":{"line":62,"column":12},"end":{"line":71,"column":14}},"14":{"start":{"line":107,"column":27},"end":{"line":107,"column":45}},"15":{"start":{"line":113,"column":27},"end":{"line":113,"column":45}},"16":{"start":{"line":119,"column":27},"end":{"line":119,"column":45}},"17":{"start":{"line":129,"column":15},"end":{"line":251,"column":2}}},"fnMap":{"0":{"name":"LearnScreen","decl":{"start":{"line":30,"column":24},"end":{"line":30,"column":35}},"loc":{"start":{"line":30,"column":38},"end":{"line":127,"column":1}},"line":30},"1":{"name":"(anonymous_1)","decl":{"start":{"line":37,"column":21},"end":{"line":37,"column":22}},"loc":{"start":{"line":37,"column":27},"end":{"line":37,"column":51}},"line":37},"2":{"name":"(anonymous_2)","decl":{"start":{"line":39,"column":21},"end":{"line":39,"column":22}},"loc":{"start":{"line":39,"column":46},"end":{"line":46,"column":3}},"line":39},"3":{"name":"(anonymous_3)","decl":{"start":{"line":61,"column":27},"end":{"line":61,"column":28}},"loc":{"start":{"line":62,"column":12},"end":{"line":71,"column":14}},"line":62},"4":{"name":"(anonymous_4)","decl":{"start":{"line":107,"column":21},"end":{"line":107,"column":22}},"loc":{"start":{"line":107,"column":27},"end":{"line":107,"column":45}},"line":107},"5":{"name":"(anonymous_5)","decl":{"start":{"line":113,"column":21},"end":{"line":113,"column":22}},"loc":{"start":{"line":113,"column":27},"end":{"line":113,"column":45}},"line":113},"6":{"name":"(anonymous_6)","decl":{"start":{"line":119,"column":21},"end":{"line":119,"column":22}},"loc":{"start":{"line":119,"column":27},"end":{"line":119,"column":45}},"line":119}},"branchMap":{"0":{"loc":{"start":{"line":41,"column":4},"end":{"line":45,"column":5}},"type":"if","locations":[{"start":{"line":41,"column":4},"end":{"line":45,"column":5}},{"start":{"line":43,"column":11},"end":{"line":45,"column":5}}],"line":41},"1":{"loc":{"start":{"line":68,"column":20},"end":{"line":68,"column":70}},"type":"cond-expr","locations":[{"start":{"line":68,"column":40},"end":{"line":68,"column":54}},{"start":{"line":68,"column":57},"end":{"line":68,"column":70}}],"line":68},"2":{"loc":{"start":{"line":81,"column":11},"end":{"line":100,"column":11}},"type":"cond-expr","locations":[{"start":{"line":82,"column":12},"end":{"line":89,"column":19}},{"start":{"line":91,"column":12},"end":{"line":99,"column":19}}],"line":81}},"s":{"0":1,"1":33,"2":33,"3":33,"4":33,"5":33,"6":5,"7":33,"8":9,"9":9,"10":8,"11":1,"12":33,"13":99,"14":1,"15":1,"16":7,"17":1},"f":{"0":33,"1":5,"2":9,"3":99,"4":1,"5":1,"6":7},"b":{"0":[8,1],"1":[43,56],"2":[28,5]},"_coverageSchema":"1a1c01bbd47fc00a2c39e90264f33305004495a9","hash":"949825d84ce724722e02935fed6e374cbe2a08eb"}
,"/Users/Revan/IdeaProjects/memorize/app/app/(tabs)/progress.tsx": {"path":"/Users/Revan/IdeaProjects/memorize/app/app/(tabs)/progress.tsx","statementMap":{"0":{"start":{"line":5,"column":14},"end":{"line":10,"column":1}},"1":{"start":{"line":12,"column":17},"end":{"line":20,"column":1}},"2":{"start":{"line":22,"column":16},"end":{"line":26,"column":1}},"3":{"start":{"line":29,"column":21},"end":{"line":29,"column":22}},"4":{"start":{"line":31,"column":2},"end":{"line":106,"column":4}},"5":{"start":{"line":42,"column":12},"end":{"line":47,"column":19}},"6":{"start":{"line":56,"column":14},"end":{"line":80,"column":21}},"7":{"start":{"line":88,"column":10},"end":{"line":102,"column":17}},"8":{"start":{"line":109,"column":15},"end":{"line":211,"column":2}}},"fnMap":{"0":{"name":"ProgressScreen","decl":{"start":{"line":28,"column":24},"end":{"line":28,"column":38}},"loc":{"start":{"line":28,"column":41},"end":{"line":107,"column":1}},"line":28},"1":{"name":"(anonymous_1)","decl":{"start":{"line":41,"column":21},"end":{"line":41,"column":22}},"loc":{"start":{"line":42,"column":12},"end":{"line":47,"column":19}},"line":42},"2":{"name":"(anonymous_2)","decl":{"start":{"line":55,"column":26},"end":{"line":55,"column":27}},"loc":{"start":{"line":56,"column":14},"end":{"line":80,"column":21}},"line":56},"3":{"name":"(anonymous_3)","decl":{"start":{"line":87,"column":21},"end":{"line":87,"column":22}},"loc":{"start":{"line":88,"column":10},"end":{"line":102,"column":17}},"line":88}},"branchMap":{"0":{"loc":{"start":{"line":64,"column":26},"end":{"line":64,"column":75}},"type":"cond-expr","locations":[{"start":{"line":64,"column":45},"end":{"line":64,"column":59}},{"start":{"line":64,"column":62},"end":{"line":64,"column":75}}],"line":64},"1":{"loc":{"start":{"line":72,"column":20},"end":{"line":75,"column":21}},"type":"binary-expr","locations":[{"start":{"line":72,"column":20},"end":{"line":72,"column":36}},{"start":{"line":72,"column":40},"end":{"line":75,"column":21}}],"line":72}},"s":{"0":1,"1":1,"2":1,"3":12,"4":12,"5":48,"6":84,"7":36,"8":1},"f":{"0":12,"1":48,"2":84,"3":36},"b":{"0":[12,72],"1":[84,12]},"_coverageSchema":"1a1c01bbd47fc00a2c39e90264f33305004495a9","hash":"193ee348525a23e6236a77f56d90dae176692c03"}
,"/Users/Revan/IdeaProjects/memorize/app/app/(tabs)/quiz.tsx": {"path":"/Users/Revan/IdeaProjects/memorize/app/app/(tabs)/quiz.tsx","statementMap":{"0":{"start":{"line":13,"column":30},"end":{"line":44,"column":1}},"1":{"start":{"line":47,"column":34},"end":{"line":47,"column":45}},"2":{"start":{"line":48,"column":34},"end":{"line":48,"column":63}},"3":{"start":{"line":49,"column":28},"end":{"line":49,"column":39}},"4":{"start":{"line":50,"column":34},"end":{"line":50,"column":49}},"5":{"start":{"line":52,"column":19},"end":{"line":52,"column":38}},"6":{"start":{"line":54,"column":23},"end":{"line":61,"column":3}},"7":{"start":{"line":55,"column":4},"end":{"line":55,"column":25}},"8":{"start":{"line":55,"column":18},"end":{"line":55,"column":25}},"9":{"start":{"line":56,"column":4},"end":{"line":56,"column":23}},"10":{"start":{"line":57,"column":4},"end":{"line":57,"column":22}},"11":{"start":{"line":58,"column":4},"end":{"line":60,"column":5}},"12":{"start":{"line":59,"column":6},"end":{"line":59,"column":26}},"13":{"start":{"line":63,"column":21},"end":{"line":75,"column":3}},"14":{"start":{"line":64,"column":4},"end":{"line":74,"column":5}},"15":{"start":{"line":65,"column":6},"end":{"line":65,"column":32}},"16":{"start":{"line":66,"column":6},"end":{"line":66,"column":24}},"17":{"start":{"line":67,"column":6},"end":{"line":67,"column":25}},"18":{"start":{"line":70,"column":6},"end":{"line":70,"column":21}},"19":{"start":{"line":71,"column":6},"end":{"line":71,"column":24}},"20":{"start":{"line":72,"column":6},"end":{"line":72,"column":25}},"21":{"start":{"line":73,"column":6},"end":{"line":73,"column":18}},"22":{"start":{"line":77,"column":25},"end":{"line":92,"column":3}},"23":{"start":{"line":78,"column":4},"end":{"line":78,"column":29}},"24":{"start":{"line":78,"column":19},"end":{"line":78,"column":29}},"25":{"start":{"line":79,"column":4},"end":{"line":84,"column":5}},"26":{"start":{"line":80,"column":6},"end":{"line":83,"column":8}},"27":{"start":{"line":85,"column":4},"end":{"line":90,"column":5}},"28":{"start":{"line":86,"column":6},"end":{"line":89,"column":8}},"29":{"start":{"line":91,"column":4},"end":{"line":91,"column":14}},"30":{"start":{"line":94,"column":25},"end":{"line":103,"column":3}},"31":{"start":{"line":95,"column":4},"end":{"line":95,"column":29}},"32":{"start":{"line":95,"column":19},"end":{"line":95,"column":29}},"33":{"start":{"line":96,"column":4},"end":{"line":98,"column":5}},"34":{"start":{"line":97,"column":6},"end":{"line":97,"column":78}},"35":{"start":{"line":99,"column":4},"end":{"line":101,"column":5}},"36":{"start":{"line":100,"column":6},"end":{"line":100,"column":76}},"37":{"start":{"line":102,"column":4},"end":{"line":102,"column":14}},"38":{"start":{"line":105,"column":2},"end":{"line":203,"column":4}},"39":{"start":{"line":125,"column":12},"end":{"line":138,"column":14}},"40":{"start":{"line":151,"column":12},"end":{"line":188,"column":31}},"41":{"start":{"line":154,"column":29},"end":{"line":154,"column":44}},"42":{"start":{"line":206,"column":15},"end":{"line":315,"column":2}}},"fnMap":{"0":{"name":"QuizScreen","decl":{"start":{"line":46,"column":24},"end":{"line":46,"column":34}},"loc":{"start":{"line":46,"column":37},"end":{"line":204,"column":1}},"line":46},"1":{"name":"(anonymous_1)","decl":{"start":{"line":54,"column":23},"end":{"line":54,"column":24}},"loc":{"start":{"line":54,"column":42},"end":{"line":61,"column":3}},"line":54},"2":{"name":"(anonymous_2)","decl":{"start":{"line":63,"column":21},"end":{"line":63,"column":22}},"loc":{"start":{"line":63,"column":27},"end":{"line":75,"column":3}},"line":63},"3":{"name":"(anonymous_3)","decl":{"start":{"line":77,"column":25},"end":{"line":77,"column":26}},"loc":{"start":{"line":77,"column":44},"end":{"line":92,"column":3}},"line":77},"4":{"name":"(anonymous_4)","decl":{"start":{"line":94,"column":25},"end":{"line":94,"column":26}},"loc":{"start":{"line":94,"column":44},"end":{"line":103,"column":3}},"line":94},"5":{"name":"(anonymous_5)","decl":{"start":{"line":124,"column":25},"end":{"line":124,"column":26}},"loc":{"start":{"line":125,"column":12},"end":{"line":138,"column":14}},"line":125},"6":{"name":"(anonymous_6)","decl":{"start":{"line":150,"column":32},"end":{"line":150,"column":33}},"loc":{"start":{"line":151,"column":12},"end":{"line":188,"column":31}},"line":151},"7":{"name":"(anonymous_7)","decl":{"start":{"line":154,"column":23},"end":{"line":154,"column":24}},"loc":{"start":{"line":154,"column":29},"end":{"line":154,"column":44}},"line":154}},"branchMap":{"0":{"loc":{"start":{"line":55,"column":4},"end":{"line":55,"column":25}},"type":"if","locations":[{"start":{"line":55,"column":4},"end":{"line":55,"column":25}},{"start":{},"end":{}}],"line":55},"1":{"loc":{"start":{"line":58,"column":4},"end":{"line":60,"column":5}},"type":"if","locations":[{"start":{"line":58,"column":4},"end":{"line":60,"column":5}},{"start":{},"end":{}}],"line":58},"2":{"loc":{"start":{"line":64,"column":4},"end":{"line":74,"column":5}},"type":"if","locations":[{"start":{"line":64,"column":4},"end":{"line":74,"column":5}},{"start":{"line":68,"column":11},"end":{"line":74,"column":5}}],"line":64},"3":{"loc":{"start":{"line":78,"column":4},"end":{"line":78,"column":29}},"type":"if","locations":[{"start":{"line":78,"column":4},"end":{"line":78,"column":29}},{"start":{},"end":{}}],"line":78},"4":{"loc":{"start":{"line":79,"column":4},"end":{"line":84,"column":5}},"type":"if","locations":[{"start":{"line":79,"column":4},"end":{"line":84,"column":5}},{"start":{},"end":{}}],"line":79},"5":{"loc":{"start":{"line":85,"column":4},"end":{"line":90,"column":5}},"type":"if","locations":[{"start":{"line":85,"column":4},"end":{"line":90,"column":5}},{"start":{},"end":{}}],"line":85},"6":{"loc":{"start":{"line":85,"column":8},"end":{"line":85,"column":61}},"type":"binary-expr","locations":[{"start":{"line":85,"column":8},"end":{"line":85,"column":26}},{"start":{"line":85,"column":30},"end":{"line":85,"column":61}}],"line":85},"7":{"loc":{"start":{"line":95,"column":4},"end":{"line":95,"column":29}},"type":"if","locations":[{"start":{"line":95,"column":4},"end":{"line":95,"column":29}},{"start":{},"end":{}}],"line":95},"8":{"loc":{"start":{"line":96,"column":4},"end":{"line":98,"column":5}},"type":"if","locations":[{"start":{"line":96,"column":4},"end":{"line":98,"column":5}},{"start":{},"end":{}}],"line":96},"9":{"loc":{"start":{"line":99,"column":4},"end":{"line":101,"column":5}},"type":"if","locations":[{"start":{"line":99,"column":4},"end":{"line":101,"column":5}},{"start":{},"end":{}}],"line":99},"10":{"loc":{"start":{"line":99,"column":8},"end":{"line":99,"column":61}},"type":"binary-expr","locations":[{"start":{"line":99,"column":8},"end":{"line":99,"column":26}},{"start":{"line":99,"column":30},"end":{"line":99,"column":61}}],"line":99},"11":{"loc":{"start":{"line":113,"column":35},"end":{"line":113,"column":51}},"type":"cond-expr","locations":[{"start":{"line":113,"column":46},"end":{"line":113,"column":47}},{"start":{"line":113,"column":50},"end":{"line":113,"column":51}}],"line":113},"12":{"loc":{"start":{"line":131,"column":20},"end":{"line":135,"column":37}},"type":"cond-expr","locations":[{"start":{"line":132,"column":24},"end":{"line":132,"column":38}},{"start":{"line":133,"column":24},"end":{"line":135,"column":37}}],"line":131},"13":{"loc":{"start":{"line":133,"column":24},"end":{"line":135,"column":37}},"type":"cond-expr","locations":[{"start":{"line":134,"column":24},"end":{"line":134,"column":38}},{"start":{"line":135,"column":24},"end":{"line":135,"column":37}}],"line":133},"14":{"loc":{"start":{"line":162,"column":20},"end":{"line":165,"column":23}},"type":"binary-expr","locations":[{"start":{"line":162,"column":20},"end":{"line":162,"column":28}},{"start":{"line":163,"column":23},"end":{"line":163,"column":50}},{"start":{"line":163,"column":54},"end":{"line":163,"column":68}},{"start":{"line":163,"column":73},"end":{"line":165,"column":23}}],"line":162},"15":{"loc":{"start":{"line":172,"column":15},"end":{"line":179,"column":15}},"type":"binary-expr","locations":[{"start":{"line":172,"column":15},"end":{"line":172,"column":23}},{"start":{"line":172,"column":27},"end":{"line":172,"column":54}},{"start":{"line":173,"column":16},"end":{"line":178,"column":18}}],"line":172},"16":{"loc":{"start":{"line":180,"column":15},"end":{"line":187,"column":15}},"type":"binary-expr","locations":[{"start":{"line":180,"column":15},"end":{"line":180,"column":23}},{"start":{"line":180,"column":27},"end":{"line":180,"column":41}},{"start":{"line":180,"column":45},"end":{"line":180,"column":72}},{"start":{"line":181,"column":16},"end":{"line":186,"column":18}}],"line":180},"17":{"loc":{"start":{"line":193,"column":9},"end":{"line":200,"column":9}},"type":"binary-expr","locations":[{"start":{"line":193,"column":9},"end":{"line":193,"column":17}},{"start":{"line":194,"column":10},"end":{"line":199,"column":29}}],"line":193},"18":{"loc":{"start":{"line":196,"column":15},"end":{"line":196,"column":81}},"type":"cond-expr","locations":[{"start":{"line":196,"column":49},"end":{"line":196,"column":64}},{"start":{"line":196,"column":67},"end":{"line":196,"column":81}}],"line":196}},"s":{"0":1,"1":37,"2":37,"3":37,"4":37,"5":37,"6":37,"7":13,"8":0,"9":13,"10":13,"11":13,"12":11,"13":37,"14":7,"15":6,"16":6,"17":6,"18":1,"19":1,"20":1,"21":1,"22":37,"23":148,"24":96,"25":52,"26":13,"27":39,"28":2,"29":37,"30":37,"31":148,"32":96,"33":52,"34":13,"35":39,"36":2,"37":37,"38":37,"39":111,"40":148,"41":13,"42":1},"f":{"0":37,"1":13,"2":7,"3":148,"4":148,"5":111,"6":148,"7":13},"b":{"0":[0,13],"1":[11,2],"2":[6,1],"3":[96,52],"4":[13,39],"5":[2,37],"6":[39,2],"7":[96,52],"8":[13,39],"9":[2,37],"10":[39,2],"11":[13,24],"12":[14,97],"13":[37,60],"14":[148,52,39,15],"15":[148,52,13],"16":[148,52,13,2],"17":[37,13],"18":[11,2]},"_coverageSchema":"1a1c01bbd47fc00a2c39e90264f33305004495a9","hash":"98ef6b1db185f8a5eff00895e0a0d53e996316dd"}
,"/Users/Revan/IdeaProjects/memorize/app/src/theme.ts": {"path":"/Users/Revan/IdeaProjects/memorize/app/src/theme.ts","statementMap":{"0":{"start":{"line":1,"column":22},"end":{"line":31,"column":1}},"1":{"start":{"line":33,"column":23},"end":{"line":41,"column":10}},"2":{"start":{"line":43,"column":22},"end":{"line":49,"column":10}},"3":{"start":{"line":51,"column":26},"end":{"line":83,"column":10}}},"fnMap":{},"branchMap":{},"s":{"0":11,"1":11,"2":11,"3":11},"f":{},"b":{},"_coverageSchema":"1a1c01bbd47fc00a2c39e90264f33305004495a9","hash":"5dd139a90a095c787231fab9ddd28ab730cd7394"}
,"/Users/Revan/IdeaProjects/memorize/app/src/api/auth.ts": {"path":"/Users/Revan/IdeaProjects/memorize/app/src/api/auth.ts","statementMap":{"0":{"start":{"line":19,"column":23},"end":{"line":60,"column":1}},"1":{"start":{"line":21,"column":21},"end":{"line":24,"column":5}},"2":{"start":{"line":25,"column":4},"end":{"line":25,"column":72}},"3":{"start":{"line":26,"column":4},"end":{"line":26,"column":16}},"4":{"start":{"line":30,"column":21},"end":{"line":33,"column":5}},"5":{"start":{"line":34,"column":4},"end":{"line":34,"column":72}},"6":{"start":{"line":35,"column":4},"end":{"line":35,"column":16}},"7":{"start":{"line":39,"column":25},"end":{"line":39,"column":61}},"8":{"start":{"line":40,"column":4},"end":{"line":42,"column":5}},"9":{"start":{"line":41,"column":6},"end":{"line":41,"column":52}},"10":{"start":{"line":44,"column":21},"end":{"line":52,"column":5}},"11":{"start":{"line":53,"column":4},"end":{"line":53,"column":72}},"12":{"start":{"line":54,"column":4},"end":{"line":54,"column":16}},"13":{"start":{"line":58,"column":4},"end":{"line":58,"column":37}}},"fnMap":{"0":{"name":"(anonymous_0)","decl":{"start":{"line":20,"column":9},"end":{"line":20,"column":10}},"loc":{"start":{"line":20,"column":69},"end":{"line":27,"column":3}},"line":20},"1":{"name":"(anonymous_1)","decl":{"start":{"line":29,"column":12},"end":{"line":29,"column":13}},"loc":{"start":{"line":29,"column":75},"end":{"line":36,"column":3}},"line":29},"2":{"name":"(anonymous_2)","decl":{"start":{"line":38,"column":16},"end":{"line":38,"column":17}},"loc":{"start":{"line":38,"column":51},"end":{"line":55,"column":3}},"line":38},"3":{"name":"(anonymous_3)","decl":{"start":{"line":57,"column":10},"end":{"line":57,"column":11}},"loc":{"start":{"line":57,"column":37},"end":{"line":59,"column":3}},"line":57}},"branchMap":{"0":{"loc":{"start":{"line":40,"column":4},"end":{"line":42,"column":5}},"type":"if","locations":[{"start":{"line":40,"column":4},"end":{"line":42,"column":5}},{"start":{},"end":{}}],"line":40}},"s":{"0":1,"1":2,"2":1,"3":1,"4":2,"5":1,"6":1,"7":3,"8":3,"9":1,"10":2,"11":1,"12":1,"13":1},"f":{"0":2,"1":2,"2":3,"3":1},"b":{"0":[1,2]},"_coverageSchema":"1a1c01bbd47fc00a2c39e90264f33305004495a9","hash":"bb88f6b159477cf0477efa31b585fa575268e01f"}
,"/Users/Revan/IdeaProjects/memorize/app/src/api/client.ts": {"path":"/Users/Revan/IdeaProjects/memorize/app/src/api/client.ts","statementMap":{"0":{"start":{"line":6,"column":28},"end":{"line":6,"column":51}},"1":{"start":{"line":8,"column":18},"end":{"line":14,"column":2}},"2":{"start":{"line":17,"column":19},"end":{"line":17,"column":24}},"3":{"start":{"line":21,"column":5},"end":{"line":21,"column":7}},"4":{"start":{"line":23,"column":21},"end":{"line":32,"column":1}},"5":{"start":{"line":24,"column":2},"end":{"line":30,"column":5}},"6":{"start":{"line":25,"column":4},"end":{"line":29,"column":5}},"7":{"start":{"line":26,"column":6},"end":{"line":26,"column":28}},"8":{"start":{"line":28,"column":6},"end":{"line":28,"column":30}},"9":{"start":{"line":31,"column":2},"end":{"line":31,"column":19}},"10":{"start":{"line":35,"column":0},"end":{"line":44,"column":2}},"11":{"start":{"line":37,"column":18},"end":{"line":37,"column":53}},"12":{"start":{"line":38,"column":4},"end":{"line":40,"column":5}},"13":{"start":{"line":39,"column":6},"end":{"line":39,"column":55}},"14":{"start":{"line":41,"column":4},"end":{"line":41,"column":18}},"15":{"start":{"line":43,"column":13},"end":{"line":43,"column":34}},"16":{"start":{"line":47,"column":0},"end":{"line":130,"column":2}},"17":{"start":{"line":48,"column":16},"end":{"line":48,"column":24}},"18":{"start":{"line":50,"column":28},"end":{"line":52,"column":5}},"19":{"start":{"line":55,"column":4},"end":{"line":114,"column":5}},"20":{"start":{"line":58,"column":30},"end":{"line":58,"column":101}},"21":{"start":{"line":59,"column":6},"end":{"line":65,"column":7}},"22":{"start":{"line":60,"column":8},"end":{"line":63,"column":9}},"23":{"start":{"line":61,"column":10},"end":{"line":61,"column":43}},"24":{"start":{"line":62,"column":10},"end":{"line":62,"column":83}},"25":{"start":{"line":64,"column":8},"end":{"line":64,"column":37}},"26":{"start":{"line":67,"column":6},"end":{"line":78,"column":7}},"27":{"start":{"line":69,"column":8},"end":{"line":77,"column":11}},"28":{"start":{"line":70,"column":10},"end":{"line":76,"column":13}},"29":{"start":{"line":72,"column":14},"end":{"line":72,"column":72}},"30":{"start":{"line":73,"column":14},"end":{"line":73,"column":50}},"31":{"start":{"line":80,"column":6},"end":{"line":80,"column":36}},"32":{"start":{"line":81,"column":6},"end":{"line":81,"column":26}},"33":{"start":{"line":83,"column":6},"end":{"line":113,"column":7}},"34":{"start":{"line":84,"column":29},"end":{"line":84,"column":65}},"35":{"start":{"line":85,"column":8},"end":{"line":87,"column":9}},"36":{"start":{"line":86,"column":10},"end":{"line":86,"column":46}},"37":{"start":{"line":89,"column":25},"end":{"line":97,"column":9}},"38":{"start":{"line":99,"column":48},"end":{"line":99,"column":52}},"39":{"start":{"line":100,"column":8},"end":{"line":100,"column":66}},"40":{"start":{"line":102,"column":8},"end":{"line":102,"column":41}},"41":{"start":{"line":104,"column":8},"end":{"line":104,"column":73}},"42":{"start":{"line":105,"column":8},"end":{"line":105,"column":42}},"43":{"start":{"line":107,"column":8},"end":{"line":107,"column":41}},"44":{"start":{"line":108,"column":8},"end":{"line":108,"column":41}},"45":{"start":{"line":109,"column":8},"end":{"line":109,"column":81}},"46":{"start":{"line":110,"column":8},"end":{"line":110,"column":44}},"47":{"start":{"line":112,"column":8},"end":{"line":112,"column":29}},"48":{"start":{"line":118,"column":27},"end":{"line":118,"column":88}},"49":{"start":{"line":119,"column":4},"end":{"line":126,"column":5}},"50":{"start":{"line":121,"column":8},"end":{"line":124,"column":111}},"51":{"start":{"line":125,"column":6},"end":{"line":125,"column":37}},"52":{"start":{"line":128,"column":4},"end":{"line":128,"column":33}}},"fnMap":{"0":{"name":"(anonymous_0)","decl":{"start":{"line":23,"column":21},"end":{"line":23,"column":22}},"loc":{"start":{"line":23,"column":70},"end":{"line":32,"column":1}},"line":23},"1":{"name":"(anonymous_1)","decl":{"start":{"line":24,"column":22},"end":{"line":24,"column":23}},"loc":{"start":{"line":24,"column":35},"end":{"line":30,"column":3}},"line":24},"2":{"name":"(anonymous_2)","decl":{"start":{"line":36,"column":2},"end":{"line":36,"column":3}},"loc":{"start":{"line":36,"column":48},"end":{"line":42,"column":3}},"line":36},"3":{"name":"(anonymous_3)","decl":{"start":{"line":43,"column":2},"end":{"line":43,"column":3}},"loc":{"start":{"line":43,"column":13},"end":{"line":43,"column":34}},"line":43},"4":{"name":"(anonymous_4)","decl":{"start":{"line":48,"column":2},"end":{"line":48,"column":3}},"loc":{"start":{"line":48,"column":16},"end":{"line":48,"column":24}},"line":48},"5":{"name":"(anonymous_5)","decl":{"start":{"line":49,"column":2},"end":{"line":49,"column":3}},"loc":{"start":{"line":49,"column":31},"end":{"line":129,"column":3}},"line":49},"6":{"name":"(anonymous_6)","decl":{"start":{"line":69,"column":27},"end":{"line":69,"column":28}},"loc":{"start":{"line":69,"column":48},"end":{"line":77,"column":9}},"line":69},"7":{"name":"(anonymous_7)","decl":{"start":{"line":71,"column":21},"end":{"line":71,"column":22}},"loc":{"start":{"line":71,"column":40},"end":{"line":74,"column":13}},"line":71}},"branchMap":{"0":{"loc":{"start":{"line":23,"column":38},"end":{"line":23,"column":65}},"type":"default-arg","locations":[{"start":{"line":23,"column":61},"end":{"line":23,"column":65}}],"line":23},"1":{"loc":{"start":{"line":25,"column":4},"end":{"line":29,"column":5}},"type":"if","locations":[{"start":{"line":25,"column":4},"end":{"line":29,"column":5}},{"start":{"line":27,"column":11},"end":{"line":29,"column":5}}],"line":25},"2":{"loc":{"start":{"line":38,"column":4},"end":{"line":40,"column":5}},"type":"if","locations":[{"start":{"line":38,"column":4},"end":{"line":40,"column":5}},{"start":{},"end":{}}],"line":38},"3":{"loc":{"start":{"line":55,"column":4},"end":{"line":114,"column":5}},"type":"if","locations":[{"start":{"line":55,"column":4},"end":{"line":114,"column":5}},{"start":{},"end":{}}],"line":55},"4":{"loc":{"start":{"line":55,"column":8},"end":{"line":55,"column":65}},"type":"binary-expr","locations":[{"start":{"line":55,"column":8},"end":{"line":55,"column":38}},{"start":{"line":55,"column":42},"end":{"line":55,"column":65}}],"line":55},"5":{"loc":{"start":{"line":58,"column":75},"end":{"line":58,"column":100}},"type":"binary-expr","locations":[{"start":{"line":58,"column":75},"end":{"line":58,"column":94}},{"start":{"line":58,"column":98},"end":{"line":58,"column":100}}],"line":58},"6":{"loc":{"start":{"line":59,"column":6},"end":{"line":65,"column":7}},"type":"if","locations":[{"start":{"line":59,"column":6},"end":{"line":65,"column":7}},{"start":{},"end":{}}],"line":59},"7":{"loc":{"start":{"line":60,"column":8},"end":{"line":63,"column":9}},"type":"if","locations":[{"start":{"line":60,"column":8},"end":{"line":63,"column":9}},{"start":{},"end":{}}],"line":60},"8":{"loc":{"start":{"line":67,"column":6},"end":{"line":78,"column":7}},"type":"if","locations":[{"start":{"line":67,"column":6},"end":{"line":78,"column":7}},{"start":{},"end":{}}],"line":67},"9":{"loc":{"start":{"line":85,"column":8},"end":{"line":87,"column":9}},"type":"if","locations":[{"start":{"line":85,"column":8},"end":{"line":87,"column":9}},{"start":{},"end":{}}],"line":85},"10":{"loc":{"start":{"line":118,"column":64},"end":{"line":118,"column":87}},"type":"binary-expr","locations":[{"start":{"line":118,"column":64},"end":{"line":118,"column":81}},{"start":{"line":118,"column":85},"end":{"line":118,"column":87}}],"line":118},"11":{"loc":{"start":{"line":119,"column":4},"end":{"line":126,"column":5}},"type":"if","locations":[{"start":{"line":119,"column":4},"end":{"line":126,"column":5}},{"start":{},"end":{}}],"line":119},"12":{"loc":{"start":{"line":119,"column":8},"end":{"line":119,"column":57}},"type":"binary-expr","locations":[{"start":{"line":119,"column":8},"end":{"line":119,"column":38}},{"start":{"line":119,"column":42},"end":{"line":119,"column":57}}],"line":119},"13":{"loc":{"start":{"line":121,"column":8},"end":{"line":124,"column":111}},"type":"binary-expr","locations":[{"start":{"line":121,"column":8},"end":{"line":121,"column":46}},{"start":{"line":122,"column":8},"end":{"line":122,"column":44}},{"start":{"line":123,"column":9},"end":{"line":123,"column":86}},{"start":{"line":124,"column":9},"end":{"line":124,"column":110}}],"line":121},"14":{"loc":{"start":{"line":123,"column":9},"end":{"line":123,"column":86}},"type":"cond-expr","locations":[{"start":{"line":123,"column":41},"end":{"line":123,"column":79}},{"start":{"line":123,"column":82},"end":{"line":123,"column":86}}],"line":123},"15":{"loc":{"start":{"line":124,"column":9},"end":{"line":124,"column":110}},"type":"cond-expr","locations":[{"start":{"line":124,"column":27},"end":{"line":124,"column":66}},{"start":{"line":124,"column":69},"end":{"line":124,"column":110}}],"line":124}},"s":{"0":1,"1":1,"2":1,"3":1,"4":1,"5":3,"6":0,"7":0,"8":0,"9":3,"10":1,"11":17,"12":17,"13":5,"14":17,"15":0,"16":1,"17":4,"18":13,"19":13,"20":6,"21":6,"22":3,"23":1,"24":1,"25":3,"26":3,"27":0,"28":0,"29":0,"30":0,"31":3,"32":3,"33":3,"34":3,"35":3,"36":1,"37":2,"38":1,"39":1,"40":1,"41":1,"42":1,"43":2,"44":2,"45":2,"46":2,"47":3,"48":7,"49":7,"50":5,"51":5,"52":7},"f":{"0":3,"1":0,"2":17,"3":0,"4":4,"5":13,"6":0,"7":0},"b":{"0":[0],"1":[0,0],"2":[5,12],"3":[6,7],"4":[13,6],"5":[6,0],"6":[3,3],"7":[1,2],"8":[0,3],"9":[1,2],"10":[7,0],"11":[5,2],"12":[7,7],"13":[5,4,3,2],"14":[1,2],"15":[1,1]},"_coverageSchema":"1a1c01bbd47fc00a2c39e90264f33305004495a9","hash":"395e36422866520f62633407c4292dd17060a7ee"}
,"/Users/Revan/IdeaProjects/memorize/app/src/components/ui/Button.tsx": {"path":"/Users/Revan/IdeaProjects/memorize/app/src/components/ui/Button.tsx","statementMap":{"0":{"start":{"line":34,"column":21},"end":{"line":34,"column":40}},"1":{"start":{"line":36,"column":2},"end":{"line":70,"column":4}},"2":{"start":{"line":40,"column":44},"end":{"line":48,"column":7}},"3":{"start":{"line":73,"column":15},"end":{"line":125,"column":2}}},"fnMap":{"0":{"name":"Button","decl":{"start":{"line":24,"column":16},"end":{"line":24,"column":22}},"loc":{"start":{"line":33,"column":16},"end":{"line":71,"column":1}},"line":33},"1":{"name":"(anonymous_1)","decl":{"start":{"line":40,"column":13},"end":{"line":40,"column":14}},"loc":{"start":{"line":40,"column":44},"end":{"line":48,"column":7}},"line":40}},"branchMap":{"0":{"loc":{"start":{"line":27,"column":2},"end":{"line":27,"column":21}},"type":"default-arg","locations":[{"start":{"line":27,"column":12},"end":{"line":27,"column":21}}],"line":27},"1":{"loc":{"start":{"line":28,"column":2},"end":{"line":28,"column":17}},"type":"default-arg","locations":[{"start":{"line":28,"column":12},"end":{"line":28,"column":17}}],"line":28},"2":{"loc":{"start":{"line":29,"column":2},"end":{"line":29,"column":18}},"type":"default-arg","locations":[{"start":{"line":29,"column":13},"end":{"line":29,"column":18}}],"line":29},"3":{"loc":{"start":{"line":34,"column":21},"end":{"line":34,"column":40}},"type":"binary-expr","locations":[{"start":{"line":34,"column":21},"end":{"line":34,"column":29}},{"start":{"line":34,"column":33},"end":{"line":34,"column":40}}],"line":34},"4":{"loc":{"start":{"line":43,"column":8},"end":{"line":43,"column":37}},"type":"binary-expr","locations":[{"start":{"line":43,"column":8},"end":{"line":43,"column":18}},{"start":{"line":43,"column":22},"end":{"line":43,"column":37}}],"line":43},"5":{"loc":{"start":{"line":44,"column":8},"end":{"line":44,"column":92}},"type":"binary-expr","locations":[{"start":{"line":44,"column":8},"end":{"line":44,"column":29}},{"start":{"line":44,"column":34},"end":{"line":44,"column":91}}],"line":44},"6":{"loc":{"start":{"line":44,"column":44},"end":{"line":44,"column":82}},"type":"cond-expr","locations":[{"start":{"line":44,"column":57},"end":{"line":44,"column":70}},{"start":{"line":44,"column":73},"end":{"line":44,"column":82}}],"line":44},"7":{"loc":{"start":{"line":45,"column":8},"end":{"line":45,"column":107}},"type":"binary-expr","locations":[{"start":{"line":45,"column":8},"end":{"line":45,"column":29}},{"start":{"line":45,"column":33},"end":{"line":45,"column":40}},{"start":{"line":45,"column":44},"end":{"line":45,"column":55}},{"start":{"line":45,"column":59},"end":{"line":45,"column":107}}],"line":45},"8":{"loc":{"start":{"line":46,"column":8},"end":{"line":46,"column":66}},"type":"binary-expr","locations":[{"start":{"line":46,"column":8},"end":{"line":46,"column":15}},{"start":{"line":46,"column":19},"end":{"line":46,"column":66}}],"line":46},"9":{"loc":{"start":{"line":50,"column":7},"end":{"line":68,"column":7}},"type":"cond-expr","locations":[{"start":{"line":51,"column":8},"end":{"line":54,"column":10}},{"start":{"line":56,"column":8},"end":{"line":67,"column":11}}],"line":50},"10":{"loc":{"start":{"line":52,"column":17},"end":{"line":52,"column":76}},"type":"cond-expr","locations":[{"start":{"line":52,"column":41},"end":{"line":52,"column":59}},{"start":{"line":52,"column":62},"end":{"line":52,"column":76}}],"line":52}},"s":{"0":192,"1":192,"2":192,"3":4},"f":{"0":192,"1":192},"b":{"0":[136],"1":[70],"2":[191],"3":[192,191],"4":[192,3],"5":[192,0],"6":[0,0],"7":[192,0,0,0],"8":[192,0],"9":[2,190],"10":[2,0]},"_coverageSchema":"1a1c01bbd47fc00a2c39e90264f33305004495a9","hash":"433d344bd8aa1516d2df9d93a48991323fffc689"}
,"/Users/Revan/IdeaProjects/memorize/app/src/components/ui/Input.tsx": {"path":"/Users/Revan/IdeaProjects/memorize/app/src/components/ui/Input.tsx","statementMap":{"0":{"start":{"line":27,"column":36},"end":{"line":27,"column":51}},"1":{"start":{"line":28,"column":42},"end":{"line":28,"column":57}},"2":{"start":{"line":30,"column":2},"end":{"line":64,"column":4}},"3":{"start":{"line":44,"column":25},"end":{"line":44,"column":43}},"4":{"start":{"line":45,"column":24},"end":{"line":45,"column":43}},"5":{"start":{"line":51,"column":27},"end":{"line":51,"column":57}},"6":{"start":{"line":67,"column":15},"end":{"line":115,"column":2}}},"fnMap":{"0":{"name":"Input","decl":{"start":{"line":20,"column":16},"end":{"line":20,"column":21}},"loc":{"start":{"line":26,"column":15},"end":{"line":65,"column":1}},"line":26},"1":{"name":"(anonymous_1)","decl":{"start":{"line":44,"column":19},"end":{"line":44,"column":20}},"loc":{"start":{"line":44,"column":25},"end":{"line":44,"column":43}},"line":44},"2":{"name":"(anonymous_2)","decl":{"start":{"line":45,"column":18},"end":{"line":45,"column":19}},"loc":{"start":{"line":45,"column":24},"end":{"line":45,"column":43}},"line":45},"3":{"name":"(anonymous_3)","decl":{"start":{"line":51,"column":21},"end":{"line":51,"column":22}},"loc":{"start":{"line":51,"column":27},"end":{"line":51,"column":57}},"line":51}},"branchMap":{"0":{"loc":{"start":{"line":23,"column":2},"end":{"line":23,"column":20}},"type":"default-arg","locations":[{"start":{"line":23,"column":15},"end":{"line":23,"column":20}}],"line":23},"1":{"loc":{"start":{"line":32,"column":7},"end":{"line":32,"column":57}},"type":"binary-expr","locations":[{"start":{"line":32,"column":7},"end":{"line":32,"column":12}},{"start":{"line":32,"column":16},"end":{"line":32,"column":57}}],"line":32},"2":{"loc":{"start":{"line":36,"column":10},"end":{"line":36,"column":42}},"type":"binary-expr","locations":[{"start":{"line":36,"column":10},"end":{"line":36,"column":19}},{"start":{"line":36,"column":23},"end":{"line":36,"column":42}}],"line":36},"3":{"loc":{"start":{"line":37,"column":10},"end":{"line":37,"column":42}},"type":"cond-expr","locations":[{"start":{"line":37,"column":18},"end":{"line":37,"column":35}},{"start":{"line":37,"column":38},"end":{"line":37,"column":42}}],"line":37},"4":{"loc":{"start":{"line":43,"column":27},"end":{"line":43,"column":54}},"type":"binary-expr","locations":[{"start":{"line":43,"column":27},"end":{"line":43,"column":37}},{"start":{"line":43,"column":41},"end":{"line":43,"column":54}}],"line":43},"5":{"loc":{"start":{"line":49,"column":9},"end":{"line":60,"column":9}},"type":"binary-expr","locations":[{"start":{"line":49,"column":9},"end":{"line":49,"column":19}},{"start":{"line":50,"column":10},"end":{"line":59,"column":29}}],"line":49},"6":{"loc":{"start":{"line":55,"column":20},"end":{"line":55,"column":68}},"type":"cond-expr","locations":[{"start":{"line":55,"column":35},"end":{"line":55,"column":52}},{"start":{"line":55,"column":55},"end":{"line":55,"column":68}}],"line":55},"7":{"loc":{"start":{"line":62,"column":7},"end":{"line":62,"column":61}},"type":"binary-expr","locations":[{"start":{"line":62,"column":7},"end":{"line":62,"column":12}},{"start":{"line":62,"column":16},"end":{"line":62,"column":61}}],"line":62}},"s":{"0":334,"1":334,"2":334,"3":2,"4":1,"5":3,"6":3},"f":{"0":334,"1":2,"2":1,"3":3},"b":{"0":[134],"1":[334,320],"2":[334,2],"3":[32,302],"4":[334,199],"5":[334,199],"6":[2,197],"7":[334,32]},"_coverageSchema":"1a1c01bbd47fc00a2c39e90264f33305004495a9","hash":"98dbd8b395fc20a46b7ab6be68b34fcd78889194"}
,"/Users/Revan/IdeaProjects/memorize/app/src/components/ui/WebContainer.tsx": {"path":"/Users/Revan/IdeaProjects/memorize/app/src/components/ui/WebContainer.tsx","statementMap":{"0":{"start":{"line":5,"column":25},"end":{"line":5,"column":28}},"1":{"start":{"line":6,"column":27},"end":{"line":6,"column":30}},"2":{"start":{"line":14,"column":20},"end":{"line":14,"column":41}},"3":{"start":{"line":17,"column":2},"end":{"line":19,"column":3}},"4":{"start":{"line":18,"column":4},"end":{"line":18,"column":27}},"5":{"start":{"line":21,"column":20},"end":{"line":21,"column":47}},"6":{"start":{"line":24,"column":2},"end":{"line":26,"column":3}},"7":{"start":{"line":25,"column":4},"end":{"line":25,"column":27}},"8":{"start":{"line":29,"column":2},"end":{"line":35,"column":4}},"9":{"start":{"line":38,"column":15},"end":{"line":64,"column":2}}},"fnMap":{"0":{"name":"WebContainer","decl":{"start":{"line":13,"column":16},"end":{"line":13,"column":28}},"loc":{"start":{"line":13,"column":80},"end":{"line":36,"column":1}},"line":13}},"branchMap":{"0":{"loc":{"start":{"line":13,"column":41},"end":{"line":13,"column":57}},"type":"default-arg","locations":[{"start":{"line":13,"column":53},"end":{"line":13,"column":57}}],"line":13},"1":{"loc":{"start":{"line":17,"column":2},"end":{"line":19,"column":3}},"type":"if","locations":[{"start":{"line":17,"column":2},"end":{"line":19,"column":3}},{"start":{},"end":{}}],"line":17},"2":{"loc":{"start":{"line":24,"column":2},"end":{"line":26,"column":3}},"type":"if","locations":[{"start":{"line":24,"column":2},"end":{"line":26,"column":3}},{"start":{},"end":{}}],"line":24},"3":{"loc":{"start":{"line":31,"column":39},"end":{"line":31,"column":75}},"type":"binary-expr","locations":[{"start":{"line":31,"column":39},"end":{"line":31,"column":48}},{"start":{"line":31,"column":52},"end":{"line":31,"column":75}}],"line":31}},"s":{"0":1,"1":1,"2":6,"3":6,"4":2,"5":4,"6":4,"7":1,"8":3,"9":1},"f":{"0":6},"b":{"0":[5],"1":[2,4],"2":[1,3],"3":[3,2]},"_coverageSchema":"1a1c01bbd47fc00a2c39e90264f33305004495a9","hash":"45c5ebfced0b4f5e26c10a863c6f9c73e38ff790"}
,"/Users/Revan/IdeaProjects/memorize/app/src/context/AuthContext.tsx": {"path":"/Users/Revan/IdeaProjects/memorize/app/src/context/AuthContext.tsx","statementMap":{"0":{"start":{"line":19,"column":20},"end":{"line":19,"column":73}},"1":{"start":{"line":22,"column":28},"end":{"line":27,"column":4}},"2":{"start":{"line":30,"column":2},"end":{"line":32,"column":9}},"3":{"start":{"line":31,"column":4},"end":{"line":31,"column":16}},"4":{"start":{"line":34,"column":20},"end":{"line":51,"column":3}},"5":{"start":{"line":35,"column":4},"end":{"line":50,"column":5}},"6":{"start":{"line":36,"column":20},"end":{"line":36,"column":55}},"7":{"start":{"line":37,"column":6},"end":{"line":47,"column":7}},"8":{"start":{"line":38,"column":8},"end":{"line":44,"column":9}},"9":{"start":{"line":39,"column":10},"end":{"line":39,"column":39}},"10":{"start":{"line":40,"column":10},"end":{"line":40,"column":100}},"11":{"start":{"line":42,"column":10},"end":{"line":42,"column":43}},"12":{"start":{"line":43,"column":10},"end":{"line":43,"column":101}},"13":{"start":{"line":46,"column":8},"end":{"line":46,"column":99}},"14":{"start":{"line":49,"column":6},"end":{"line":49,"column":97}},"15":{"start":{"line":53,"column":16},"end":{"line":66,"column":8}},"16":{"start":{"line":54,"column":4},"end":{"line":54,"column":68}},"17":{"start":{"line":54,"column":24},"end":{"line":54,"column":65}},"18":{"start":{"line":55,"column":4},"end":{"line":65,"column":5}},"19":{"start":{"line":56,"column":6},"end":{"line":56,"column":39}},"20":{"start":{"line":57,"column":6},"end":{"line":57,"column":96}},"21":{"start":{"line":60,"column":8},"end":{"line":62,"column":54}},"22":{"start":{"line":63,"column":6},"end":{"line":63,"column":74}},"23":{"start":{"line":63,"column":26},"end":{"line":63,"column":71}},"24":{"start":{"line":64,"column":6},"end":{"line":64,"column":18}},"25":{"start":{"line":68,"column":19},"end":{"line":81,"column":8}},"26":{"start":{"line":69,"column":4},"end":{"line":69,"column":68}},"27":{"start":{"line":69,"column":24},"end":{"line":69,"column":65}},"28":{"start":{"line":70,"column":4},"end":{"line":80,"column":5}},"29":{"start":{"line":71,"column":6},"end":{"line":71,"column":42}},"30":{"start":{"line":72,"column":6},"end":{"line":72,"column":96}},"31":{"start":{"line":75,"column":8},"end":{"line":77,"column":48}},"32":{"start":{"line":78,"column":6},"end":{"line":78,"column":74}},"33":{"start":{"line":78,"column":26},"end":{"line":78,"column":71}},"34":{"start":{"line":79,"column":6},"end":{"line":79,"column":18}},"35":{"start":{"line":83,"column":17},"end":{"line":86,"column":8}},"36":{"start":{"line":84,"column":4},"end":{"line":84,"column":27}},"37":{"start":{"line":85,"column":4},"end":{"line":85,"column":95}},"38":{"start":{"line":88,"column":21},"end":{"line":90,"column":8}},"39":{"start":{"line":89,"column":4},"end":{"line":89,"column":51}},"40":{"start":{"line":89,"column":24},"end":{"line":89,"column":48}},"41":{"start":{"line":92,"column":2},"end":{"line":98,"column":4}},"42":{"start":{"line":102,"column":18},"end":{"line":102,"column":41}},"43":{"start":{"line":103,"column":2},"end":{"line":105,"column":3}},"44":{"start":{"line":104,"column":4},"end":{"line":104,"column":67}},"45":{"start":{"line":106,"column":2},"end":{"line":106,"column":17}}},"fnMap":{"0":{"name":"AuthProvider","decl":{"start":{"line":21,"column":16},"end":{"line":21,"column":28}},"loc":{"start":{"line":21,"column":74},"end":{"line":99,"column":1}},"line":21},"1":{"name":"(anonymous_1)","decl":{"start":{"line":30,"column":12},"end":{"line":30,"column":13}},"loc":{"start":{"line":30,"column":18},"end":{"line":32,"column":3}},"line":30},"2":{"name":"(anonymous_2)","decl":{"start":{"line":34,"column":20},"end":{"line":34,"column":21}},"loc":{"start":{"line":34,"column":32},"end":{"line":51,"column":3}},"line":34},"3":{"name":"(anonymous_3)","decl":{"start":{"line":53,"column":28},"end":{"line":53,"column":29}},"loc":{"start":{"line":53,"column":65},"end":{"line":66,"column":3}},"line":53},"4":{"name":"(anonymous_4)","decl":{"start":{"line":54,"column":13},"end":{"line":54,"column":14}},"loc":{"start":{"line":54,"column":24},"end":{"line":54,"column":65}},"line":54},"5":{"name":"(anonymous_5)","decl":{"start":{"line":63,"column":15},"end":{"line":63,"column":16}},"loc":{"start":{"line":63,"column":26},"end":{"line":63,"column":71}},"line":63},"6":{"name":"(anonymous_6)","decl":{"start":{"line":68,"column":31},"end":{"line":68,"column":32}},"loc":{"start":{"line":68,"column":71},"end":{"line":81,"column":3}},"line":68},"7":{"name":"(anonymous_7)","decl":{"start":{"line":69,"column":13},"end":{"line":69,"column":14}},"loc":{"start":{"line":69,"column":24},"end":{"line":69,"column":65}},"line":69},"8":{"name":"(anonymous_8)","decl":{"start":{"line":78,"column":15},"end":{"line":78,"column":16}},"loc":{"start":{"line":78,"column":26},"end":{"line":78,"column":71}},"line":78},"9":{"name":"(anonymous_9)","decl":{"start":{"line":83,"column":29},"end":{"line":83,"column":30}},"loc":{"start":{"line":83,"column":41},"end":{"line":86,"column":3}},"line":83},"10":{"name":"(anonymous_10)","decl":{"start":{"line":88,"column":33},"end":{"line":88,"column":34}},"loc":{"start":{"line":88,"column":39},"end":{"line":90,"column":3}},"line":88},"11":{"name":"(anonymous_11)","decl":{"start":{"line":89,"column":13},"end":{"line":89,"column":14}},"loc":{"start":{"line":89,"column":24},"end":{"line":89,"column":48}},"line":89},"12":{"name":"useAuth","decl":{"start":{"line":101,"column":16},"end":{"line":101,"column":23}},"loc":{"start":{"line":101,"column":43},"end":{"line":107,"column":1}},"line":101}},"branchMap":{"0":{"loc":{"start":{"line":37,"column":6},"end":{"line":47,"column":7}},"type":"if","locations":[{"start":{"line":37,"column":6},"end":{"line":47,"column":7}},{"start":{"line":45,"column":13},"end":{"line":47,"column":7}}],"line":37},"1":{"loc":{"start":{"line":60,"column":8},"end":{"line":62,"column":54}},"type":"binary-expr","locations":[{"start":{"line":60,"column":8},"end":{"line":60,"column":37}},{"start":{"line":61,"column":8},"end":{"line":61,"column":35}},{"start":{"line":62,"column":8},"end":{"line":62,"column":54}}],"line":60},"2":{"loc":{"start":{"line":75,"column":8},"end":{"line":77,"column":48}},"type":"binary-expr","locations":[{"start":{"line":75,"column":8},"end":{"line":75,"column":37}},{"start":{"line":76,"column":8},"end":{"line":76,"column":35}},{"start":{"line":77,"column":8},"end":{"line":77,"column":48}}],"line":75},"3":{"loc":{"start":{"line":103,"column":2},"end":{"line":105,"column":3}},"type":"if","locations":[{"start":{"line":103,"column":2},"end":{"line":105,"column":3}},{"start":{},"end":{}}],"line":103}},"s":{"0":4,"1":152,"2":152,"3":61,"4":152,"5":61,"6":61,"7":61,"8":13,"9":13,"10":12,"11":1,"12":1,"13":48,"14":0,"15":152,"16":9,"17":9,"18":9,"19":9,"20":3,"21":6,"22":6,"23":6,"24":6,"25":152,"26":5,"27":5,"28":5,"29":5,"30":2,"31":3,"32":3,"33":3,"34":3,"35":152,"36":2,"37":2,"38":152,"39":19,"40":19,"41":152,"42":184,"43":184,"44":2,"45":182},"f":{"0":152,"1":61,"2":61,"3":9,"4":9,"5":6,"6":5,"7":5,"8":3,"9":2,"10":19,"11":19,"12":184},"b":{"0":[13,48],"1":[6,2,1],"2":[3,1,1],"3":[2,182]},"_coverageSchema":"1a1c01bbd47fc00a2c39e90264f33305004495a9","hash":"914c66d4836e0afa18a87b009482b48b569c2ce2"}
,"/Users/Revan/IdeaProjects/memorize/app/src/context/ToastContext.tsx": {"path":"/Users/Revan/IdeaProjects/memorize/app/src/context/ToastContext.tsx","statementMap":{"0":{"start":{"line":15,"column":21},"end":{"line":15,"column":75}},"1":{"start":{"line":18,"column":70},"end":{"line":18,"column":74}},"2":{"start":{"line":21,"column":2},"end":{"line":21,"column":30}},"3":{"start":{"line":24,"column":14},"end":{"line":24,"column":15}},"4":{"start":{"line":27,"column":30},"end":{"line":27,"column":51}},"5":{"start":{"line":28,"column":17},"end":{"line":28,"column":74}},"6":{"start":{"line":30,"column":18},"end":{"line":34,"column":8}},"7":{"start":{"line":31,"column":4},"end":{"line":31,"column":37}},"8":{"start":{"line":32,"column":4},"end":{"line":32,"column":30}},"9":{"start":{"line":33,"column":4},"end":{"line":33,"column":57}},"10":{"start":{"line":33,"column":24},"end":{"line":33,"column":55}},"11":{"start":{"line":33,"column":43},"end":{"line":33,"column":54}},"12":{"start":{"line":36,"column":20},"end":{"line":43,"column":3}},"13":{"start":{"line":38,"column":17},"end":{"line":38,"column":26}},"14":{"start":{"line":39,"column":6},"end":{"line":39,"column":70}},"15":{"start":{"line":39,"column":26},"end":{"line":39,"column":68}},"16":{"start":{"line":40,"column":6},"end":{"line":40,"column":63}},"17":{"start":{"line":40,"column":44},"end":{"line":40,"column":55}},"18":{"start":{"line":46,"column":2},"end":{"line":51,"column":18}},"19":{"start":{"line":47,"column":4},"end":{"line":47,"column":27}},"20":{"start":{"line":48,"column":4},"end":{"line":50,"column":6}},"21":{"start":{"line":49,"column":6},"end":{"line":49,"column":24}},"22":{"start":{"line":53,"column":2},"end":{"line":58,"column":4}},"23":{"start":{"line":62,"column":14},"end":{"line":62,"column":38}},"24":{"start":{"line":63,"column":2},"end":{"line":63,"column":74}},"25":{"start":{"line":63,"column":12},"end":{"line":63,"column":74}},"26":{"start":{"line":64,"column":2},"end":{"line":64,"column":13}},"27":{"start":{"line":82,"column":4},"end":{"line":87,"column":1}},"28":{"start":{"line":96,"column":18},"end":{"line":96,"column":55}},"29":{"start":{"line":97,"column":21},"end":{"line":97,"column":60}},"30":{"start":{"line":99,"column":2},"end":{"line":104,"column":9}},"31":{"start":{"line":100,"column":4},"end":{"line":103,"column":15}},"32":{"start":{"line":106,"column":12},"end":{"line":106,"column":35}},"33":{"start":{"line":108,"column":2},"end":{"line":125,"column":4}},"34":{"start":{"line":121,"column":32},"end":{"line":121,"column":51}},"35":{"start":{"line":135,"column":2},"end":{"line":135,"column":39}},"36":{"start":{"line":135,"column":27},"end":{"line":135,"column":39}},"37":{"start":{"line":136,"column":2},"end":{"line":142,"column":4}},"38":{"start":{"line":139,"column":8},"end":{"line":139,"column":64}},"39":{"start":{"line":145,"column":15},"end":{"line":198,"column":2}}},"fnMap":{"0":{"name":"triggerToast","decl":{"start":{"line":20,"column":16},"end":{"line":20,"column":28}},"loc":{"start":{"line":20,"column":73},"end":{"line":22,"column":1}},"line":20},"1":{"name":"ToastProvider","decl":{"start":{"line":26,"column":16},"end":{"line":26,"column":29}},"loc":{"start":{"line":26,"column":75},"end":{"line":59,"column":1}},"line":26},"2":{"name":"(anonymous_2)","decl":{"start":{"line":30,"column":30},"end":{"line":30,"column":31}},"loc":{"start":{"line":30,"column":46},"end":{"line":34,"column":3}},"line":30},"3":{"name":"(anonymous_3)","decl":{"start":{"line":33,"column":14},"end":{"line":33,"column":15}},"loc":{"start":{"line":33,"column":24},"end":{"line":33,"column":55}},"line":33},"4":{"name":"(anonymous_4)","decl":{"start":{"line":33,"column":36},"end":{"line":33,"column":37}},"loc":{"start":{"line":33,"column":43},"end":{"line":33,"column":54}},"line":33},"5":{"name":"(anonymous_5)","decl":{"start":{"line":37,"column":4},"end":{"line":37,"column":5}},"loc":{"start":{"line":37,"column":52},"end":{"line":41,"column":5}},"line":37},"6":{"name":"(anonymous_6)","decl":{"start":{"line":39,"column":16},"end":{"line":39,"column":17}},"loc":{"start":{"line":39,"column":26},"end":{"line":39,"column":68}},"line":39},"7":{"name":"(anonymous_7)","decl":{"start":{"line":40,"column":38},"end":{"line":40,"column":39}},"loc":{"start":{"line":40,"column":44},"end":{"line":40,"column":55}},"line":40},"8":{"name":"(anonymous_8)","decl":{"start":{"line":46,"column":18},"end":{"line":46,"column":19}},"loc":{"start":{"line":46,"column":24},"end":{"line":51,"column":3}},"line":46},"9":{"name":"(anonymous_9)","decl":{"start":{"line":48,"column":11},"end":{"line":48,"column":12}},"loc":{"start":{"line":48,"column":17},"end":{"line":50,"column":5}},"line":48},"10":{"name":"useToast","decl":{"start":{"line":61,"column":16},"end":{"line":61,"column":24}},"loc":{"start":{"line":61,"column":45},"end":{"line":65,"column":1}},"line":61},"11":{"name":"ToastItem","decl":{"start":{"line":89,"column":9},"end":{"line":89,"column":18}},"loc":{"start":{"line":95,"column":3},"end":{"line":126,"column":1}},"line":95},"12":{"name":"(anonymous_12)","decl":{"start":{"line":99,"column":18},"end":{"line":99,"column":19}},"loc":{"start":{"line":99,"column":24},"end":{"line":104,"column":3}},"line":99},"13":{"name":"(anonymous_13)","decl":{"start":{"line":121,"column":26},"end":{"line":121,"column":27}},"loc":{"start":{"line":121,"column":32},"end":{"line":121,"column":51}},"line":121},"14":{"name":"ToastStack","decl":{"start":{"line":128,"column":9},"end":{"line":128,"column":19}},"loc":{"start":{"line":134,"column":3},"end":{"line":143,"column":1}},"line":134},"15":{"name":"(anonymous_15)","decl":{"start":{"line":138,"column":18},"end":{"line":138,"column":19}},"loc":{"start":{"line":139,"column":8},"end":{"line":139,"column":64}},"line":139}},"branchMap":{"0":{"loc":{"start":{"line":20,"column":46},"end":{"line":20,"column":71}},"type":"default-arg","locations":[{"start":{"line":20,"column":64},"end":{"line":20,"column":71}}],"line":20},"1":{"loc":{"start":{"line":37,"column":22},"end":{"line":37,"column":47}},"type":"default-arg","locations":[{"start":{"line":37,"column":40},"end":{"line":37,"column":47}}],"line":37},"2":{"loc":{"start":{"line":63,"column":2},"end":{"line":63,"column":74}},"type":"if","locations":[{"start":{"line":63,"column":2},"end":{"line":63,"column":74}},{"start":{},"end":{}}],"line":63},"3":{"loc":{"start":{"line":135,"column":2},"end":{"line":135,"column":39}},"type":"if","locations":[{"start":{"line":135,"column":2},"end":{"line":135,"column":39}},{"start":{},"end":{}}],"line":135},"4":{"loc":{"start":{"line":148,"column":9},"end":{"line":148,"column":40}},"type":"cond-expr","locations":[{"start":{"line":148,"column":33},"end":{"line":148,"column":35}},{"start":{"line":148,"column":38},"end":{"line":148,"column":40}}],"line":148}},"s":{"0":1,"1":1,"2":3,"3":1,"4":22,"5":22,"6":22,"7":12,"8":12,"9":12,"10":2,"11":2,"12":22,"13":12,"14":12,"15":12,"16":12,"17":11,"18":22,"19":11,"20":11,"21":11,"22":22,"23":19,"24":19,"25":2,"26":17,"27":1,"28":11,"29":11,"30":11,"31":11,"32":11,"33":11,"34":1,"35":22,"36":13,"37":9,"38":11,"39":1},"f":{"0":3,"1":22,"2":12,"3":2,"4":2,"5":12,"6":12,"7":11,"8":11,"9":11,"10":19,"11":11,"12":11,"13":1,"14":22,"15":11},"b":{"0":[1],"1":[1],"2":[2,17],"3":[13,9],"4":[1,0]},"_coverageSchema":"1a1c01bbd47fc00a2c39e90264f33305004495a9","hash":"e9ff00d64b69db9baa23247ec33084b916082db5"}
,"/Users/Revan/IdeaProjects/memorize/app/src/storage/tokenStorage.ts": {"path":"/Users/Revan/IdeaProjects/memorize/app/src/storage/tokenStorage.ts","statementMap":{"0":{"start":{"line":4,"column":25},"end":{"line":4,"column":48}},"1":{"start":{"line":5,"column":26},"end":{"line":5,"column":50}},"2":{"start":{"line":8,"column":19},"end":{"line":26,"column":1}},"3":{"start":{"line":10,"column":4},"end":{"line":14,"column":5}},"4":{"start":{"line":11,"column":6},"end":{"line":11,"column":39}},"5":{"start":{"line":13,"column":6},"end":{"line":13,"column":18}},"6":{"start":{"line":17,"column":4},"end":{"line":19,"column":14}},"7":{"start":{"line":18,"column":6},"end":{"line":18,"column":39}},"8":{"start":{"line":22,"column":4},"end":{"line":24,"column":14}},"9":{"start":{"line":23,"column":6},"end":{"line":23,"column":35}},"10":{"start":{"line":29,"column":2},"end":{"line":31,"column":3}},"11":{"start":{"line":30,"column":4},"end":{"line":30,"column":35}},"12":{"start":{"line":32,"column":2},"end":{"line":32,"column":45}},"13":{"start":{"line":36,"column":2},"end":{"line":39,"column":3}},"14":{"start":{"line":37,"column":4},"end":{"line":37,"column":35}},"15":{"start":{"line":38,"column":4},"end":{"line":38,"column":11}},"16":{"start":{"line":40,"column":2},"end":{"line":40,"column":45}},"17":{"start":{"line":44,"column":2},"end":{"line":47,"column":3}},"18":{"start":{"line":45,"column":4},"end":{"line":45,"column":31}},"19":{"start":{"line":46,"column":4},"end":{"line":46,"column":11}},"20":{"start":{"line":48,"column":2},"end":{"line":48,"column":41}},"21":{"start":{"line":51,"column":28},"end":{"line":64,"column":1}},"22":{"start":{"line":52,"column":24},"end":{"line":52,"column":49}},"23":{"start":{"line":53,"column":25},"end":{"line":53,"column":51}},"24":{"start":{"line":56,"column":4},"end":{"line":56,"column":49}},"25":{"start":{"line":57,"column":4},"end":{"line":57,"column":51}},"26":{"start":{"line":61,"column":4},"end":{"line":61,"column":39}},"27":{"start":{"line":62,"column":4},"end":{"line":62,"column":40}}},"fnMap":{"0":{"name":"(anonymous_0)","decl":{"start":{"line":9,"column":11},"end":{"line":9,"column":12}},"loc":{"start":{"line":9,"column":28},"end":{"line":15,"column":3}},"line":9},"1":{"name":"(anonymous_1)","decl":{"start":{"line":16,"column":11},"end":{"line":16,"column":12}},"loc":{"start":{"line":16,"column":43},"end":{"line":20,"column":3}},"line":16},"2":{"name":"(anonymous_2)","decl":{"start":{"line":21,"column":14},"end":{"line":21,"column":15}},"loc":{"start":{"line":21,"column":31},"end":{"line":25,"column":3}},"line":21},"3":{"name":"getItem","decl":{"start":{"line":28,"column":15},"end":{"line":28,"column":22}},"loc":{"start":{"line":28,"column":60},"end":{"line":33,"column":1}},"line":28},"4":{"name":"setItem","decl":{"start":{"line":35,"column":15},"end":{"line":35,"column":22}},"loc":{"start":{"line":35,"column":66},"end":{"line":41,"column":1}},"line":35},"5":{"name":"deleteItem","decl":{"start":{"line":43,"column":15},"end":{"line":43,"column":25}},"loc":{"start":{"line":43,"column":54},"end":{"line":49,"column":1}},"line":43},"6":{"name":"(anonymous_6)","decl":{"start":{"line":52,"column":18},"end":{"line":52,"column":19}},"loc":{"start":{"line":52,"column":24},"end":{"line":52,"column":49}},"line":52},"7":{"name":"(anonymous_7)","decl":{"start":{"line":53,"column":19},"end":{"line":53,"column":20}},"loc":{"start":{"line":53,"column":25},"end":{"line":53,"column":51}},"line":53},"8":{"name":"(anonymous_8)","decl":{"start":{"line":55,"column":13},"end":{"line":55,"column":14}},"loc":{"start":{"line":55,"column":66},"end":{"line":58,"column":3}},"line":55},"9":{"name":"(anonymous_9)","decl":{"start":{"line":60,"column":15},"end":{"line":60,"column":16}},"loc":{"start":{"line":60,"column":27},"end":{"line":63,"column":3}},"line":60}},"branchMap":{"0":{"loc":{"start":{"line":29,"column":2},"end":{"line":31,"column":3}},"type":"if","locations":[{"start":{"line":29,"column":2},"end":{"line":31,"column":3}},{"start":{},"end":{}}],"line":29},"1":{"loc":{"start":{"line":36,"column":2},"end":{"line":39,"column":3}},"type":"if","locations":[{"start":{"line":36,"column":2},"end":{"line":39,"column":3}},{"start":{},"end":{}}],"line":36},"2":{"loc":{"start":{"line":44,"column":2},"end":{"line":47,"column":3}},"type":"if","locations":[{"start":{"line":44,"column":2},"end":{"line":47,"column":3}},{"start":{},"end":{}}],"line":44}},"s":{"0":1,"1":1,"2":1,"3":2,"4":2,"5":1,"6":2,"7":2,"8":2,"9":2,"10":7,"11":2,"12":5,"13":6,"14":2,"15":2,"16":4,"17":4,"18":2,"19":2,"20":2,"21":1,"22":5,"23":2,"24":3,"25":3,"26":2,"27":2},"f":{"0":2,"1":2,"2":2,"3":7,"4":6,"5":4,"6":5,"7":2,"8":3,"9":2},"b":{"0":[2,5],"1":[2,4],"2":[2,2]},"_coverageSchema":"1a1c01bbd47fc00a2c39e90264f33305004495a9","hash":"0d9f1409428cad7704dada2fec0cafd210fdf489"}
}
