TN:
SF:app/(auth)/_layout.tsx
FN:3,AuthLayout
FNF:1
FNH:0
FNDA:0,AuthLayout
DA:4,0
LF:1
LH:0
BRF:0
BRH:0
end_of_record
TN:
SF:app/(auth)/index.tsx
FN:9,WelcomeScreen
FN:34,(anonymous_1)
FN:39,(anonymous_2)
FNF:3
FNH:3
FNDA:7,WelcomeScreen
FNDA:1,(anonymous_1)
FNDA:1,(anonymous_2)
DA:10,7
DA:12,7
DA:34,1
DA:39,1
DA:47,1
LF:5
LH:5
BRDA:55,0,0,0
BRDA:55,0,1,1
BRDA:88,1,0,0
BRDA:88,1,1,1
BRF:4
BRH:2
end_of_record
TN:
SF:app/(auth)/login.tsx
FN:21,LoginScreen
FN:32,(anonymous_1)
FN:49,(anonymous_2)
FN:73,(anonymous_3)
FN:95,(anonymous_4)
FN:97,(anonymous_5)
FN:107,(anonymous_6)
FN:109,(anonymous_7)
FN:136,(anonymous_8)
FN:145,(anonymous_9)
FNF:10
FNH:9
FNDA:47,LoginScreen
FNDA:8,(anonymous_1)
FNDA:8,(anonymous_2)
FNDA:1,(anonymous_3)
FNDA:6,(anonymous_4)
FNDA:1,(anonymous_5)
FNDA:3,(anonymous_6)
FNDA:1,(anonymous_7)
FNDA:0,(anonymous_8)
FNDA:1,(anonymous_9)
DA:22,47
DA:23,47
DA:25,47
DA:26,47
DA:27,47
DA:32,47
DA:33,8
DA:35,8
DA:36,3
DA:37,5
DA:38,1
DA:41,8
DA:42,6
DA:45,8
DA:46,8
DA:49,47
DA:50,8
DA:51,8
DA:53,2
DA:54,2
DA:61,47
DA:73,1
DA:96,6
DA:97,6
DA:108,3
DA:109,3
DA:136,0
DA:145,1
DA:155,1
LF:29
LH:28
BRDA:35,0,0,3
BRDA:35,0,1,5
BRDA:37,1,0,1
BRDA:37,1,1,4
BRDA:41,2,0,6
BRDA:41,2,1,2
BRDA:51,3,0,6
BRDA:51,3,1,2
BRDA:64,4,0,47
BRDA:64,4,1,0
BRDA:83,5,0,47
BRDA:83,5,1,1
BRDA:97,6,0,1
BRDA:97,6,1,5
BRDA:109,7,0,1
BRDA:109,7,1,2
BRDA:163,8,0,0
BRDA:163,8,1,1
BRF:18
BRH:16
end_of_record
TN:
SF:app/(auth)/register.tsx
FN:19,getPasswordStrength
FN:38,RegisterScreen
FN:53,(anonymous_2)
FN:78,(anonymous_3)
FN:101,(anonymous_4)
FN:123,(anonymous_5)
FN:125,(anonymous_6)
FN:136,(anonymous_7)
FN:138,(anonymous_8)
FN:149,(anonymous_9)
FN:174,(anonymous_10)
FN:177,(anonymous_11)
FN:194,(anonymous_12)
FNF:13
FNH:11
FNDA:18,getPasswordStrength
FNDA:73,RegisterScreen
FNDA:10,(anonymous_2)
FNDA:10,(anonymous_3)
FNDA:1,(anonymous_4)
FNDA:8,(anonymous_5)
FNDA:1,(anonymous_6)
FNDA:10,(anonymous_7)
FNDA:0,(anonymous_8)
FNDA:90,(anonymous_9)
FNDA:3,(anonymous_10)
FNDA:0,(anonymous_11)
FNDA:1,(anonymous_12)
DA:24,18
DA:25,18
DA:26,18
DA:27,18
DA:28,18
DA:29,18
DA:31,18
DA:32,15
DA:33,9
DA:34,2
DA:35,1
DA:39,73
DA:40,73
DA:42,73
DA:43,73
DA:44,73
DA:45,73
DA:51,73
DA:53,73
DA:54,10
DA:56,10
DA:57,3
DA:58,7
DA:59,1
DA:62,10
DA:63,5
DA:64,5
DA:65,1
DA:68,10
DA:69,7
DA:70,3
DA:71,1
DA:74,10
DA:75,10
DA:78,73
DA:79,10
DA:80,10
DA:82,2
DA:83,2
DA:89,73
DA:101,1
DA:124,8
DA:125,8
DA:137,10
DA:138,10
DA:150,90
DA:175,3
DA:176,3
DA:177,0
DA:194,1
DA:204,1
LF:51
LH:50
BRDA:25,0,0,15
BRDA:25,0,1,3
BRDA:26,1,0,10
BRDA:26,1,1,8
BRDA:27,2,0,3
BRDA:27,2,1,15
BRDA:28,3,0,13
BRDA:28,3,1,5
BRDA:29,4,0,1
BRDA:29,4,1,17
BRDA:31,5,0,3
BRDA:31,5,1,15
BRDA:32,6,0,6
BRDA:32,6,1,9
BRDA:33,7,0,7
BRDA:33,7,1,2
BRDA:34,8,0,1
BRDA:34,8,1,1
BRDA:51,9,0,18
BRDA:51,9,1,55
BRDA:56,10,0,3
BRDA:56,10,1,7
BRDA:58,11,0,1
BRDA:58,11,1,6
BRDA:62,12,0,5
BRDA:62,12,1,5
BRDA:64,13,0,1
BRDA:64,13,1,4
BRDA:68,14,0,7
BRDA:68,14,1,3
BRDA:70,15,0,1
BRDA:70,15,1,2
BRDA:80,16,0,8
BRDA:80,16,1,2
BRDA:92,17,0,73
BRDA:92,17,1,0
BRDA:111,18,0,73
BRDA:111,18,1,1
BRDA:125,19,0,1
BRDA:125,19,1,7
BRDA:138,20,0,0
BRDA:138,20,1,10
BRDA:146,21,0,73
BRDA:146,21,1,18
BRDA:156,22,0,45
BRDA:156,22,1,45
BRDA:176,23,0,0
BRDA:176,23,1,3
BRF:48
BRH:45
end_of_record
TN:
SF:app/(tabs)/_layout.tsx
FN:6,TabLayout
FN:31,(anonymous_1)
FN:40,(anonymous_2)
FN:49,(anonymous_3)
FN:58,(anonymous_4)
FNF:5
FNH:0
FNDA:0,TabLayout
FNDA:0,(anonymous_1)
FNDA:0,(anonymous_2)
FNDA:0,(anonymous_3)
FNDA:0,(anonymous_4)
DA:7,0
DA:32,0
DA:41,0
DA:50,0
DA:59,0
LF:5
LH:0
BRDA:18,0,0,0
BRDA:18,0,1,0
BRDA:19,1,0,0
BRDA:19,1,1,0
BRF:4
BRH:0
end_of_record
TN:
SF:app/(tabs)/index.tsx
FN:14,HomeScreen
FN:45,(anonymous_1)
FN:61,(anonymous_2)
FN:71,(anonymous_3)
FN:82,(anonymous_4)
FNF:5
FNH:5
FNDA:20,HomeScreen
FNDA:140,(anonymous_1)
FNDA:1,(anonymous_2)
FNDA:1,(anonymous_3)
FNDA:60,(anonymous_4)
DA:8,1
DA:15,20
DA:16,20
DA:18,20
DA:46,140
DA:61,1
DA:71,1
DA:83,60
DA:115,1
LF:9
LH:9
BRDA:50,0,0,0
BRDA:50,0,1,140
BRDA:93,1,0,40
BRDA:93,1,1,20
BRDA:101,2,0,40
BRDA:101,2,1,20
BRDA:105,3,0,40
BRDA:105,3,1,20
BRF:8
BRH:7
end_of_record
TN:
SF:app/(tabs)/learn.tsx
FN:30,LearnScreen
FN:37,(anonymous_1)
FN:39,(anonymous_2)
FN:61,(anonymous_3)
FN:107,(anonymous_4)
FN:113,(anonymous_5)
FN:119,(anonymous_6)
FNF:7
FNH:7
FNDA:33,LearnScreen
FNDA:5,(anonymous_1)
FNDA:9,(anonymous_2)
FNDA:99,(anonymous_3)
FNDA:1,(anonymous_4)
FNDA:1,(anonymous_5)
FNDA:7,(anonymous_6)
DA:6,1
DA:31,33
DA:32,33
DA:34,33
DA:35,33
DA:37,33
DA:39,33
DA:40,9
DA:41,9
DA:42,8
DA:44,1
DA:48,33
DA:62,99
DA:107,1
DA:113,1
DA:119,7
DA:129,1
LF:17
LH:17
BRDA:41,0,0,8
BRDA:41,0,1,1
BRDA:68,1,0,43
BRDA:68,1,1,56
BRDA:81,2,0,28
BRDA:81,2,1,5
BRF:6
BRH:6
end_of_record
TN:
SF:app/(tabs)/progress.tsx
FN:28,ProgressScreen
FN:41,(anonymous_1)
FN:55,(anonymous_2)
FN:87,(anonymous_3)
FNF:4
FNH:4
FNDA:12,ProgressScreen
FNDA:48,(anonymous_1)
FNDA:84,(anonymous_2)
FNDA:36,(anonymous_3)
DA:5,1
DA:12,1
DA:22,1
DA:29,12
DA:31,12
DA:42,48
DA:56,84
DA:88,36
DA:109,1
LF:9
LH:9
BRDA:64,0,0,12
BRDA:64,0,1,72
BRDA:72,1,0,84
BRDA:72,1,1,12
BRF:4
BRH:4
end_of_record
TN:
SF:app/(tabs)/quiz.tsx
FN:46,QuizScreen
FN:54,(anonymous_1)
FN:63,(anonymous_2)
FN:77,(anonymous_3)
FN:94,(anonymous_4)
FN:124,(anonymous_5)
FN:150,(anonymous_6)
FN:154,(anonymous_7)
FNF:8
FNH:8
FNDA:37,QuizScreen
FNDA:13,(anonymous_1)
FNDA:7,(anonymous_2)
FNDA:148,(anonymous_3)
FNDA:148,(anonymous_4)
FNDA:111,(anonymous_5)
FNDA:148,(anonymous_6)
FNDA:13,(anonymous_7)
DA:13,1
DA:47,37
DA:48,37
DA:49,37
DA:50,37
DA:52,37
DA:54,37
DA:55,13
DA:56,13
DA:57,13
DA:58,13
DA:59,11
DA:63,37
DA:64,7
DA:65,6
DA:66,6
DA:67,6
DA:70,1
DA:71,1
DA:72,1
DA:73,1
DA:77,37
DA:78,148
DA:79,52
DA:80,13
DA:85,39
DA:86,2
DA:91,37
DA:94,37
DA:95,148
DA:96,52
DA:97,13
DA:99,39
DA:100,2
DA:102,37
DA:105,37
DA:125,111
DA:151,148
DA:154,13
DA:206,1
LF:40
LH:40
BRDA:55,0,0,0
BRDA:55,0,1,13
BRDA:58,1,0,11
BRDA:58,1,1,2
BRDA:64,2,0,6
BRDA:64,2,1,1
BRDA:78,3,0,96
BRDA:78,3,1,52
BRDA:79,4,0,13
BRDA:79,4,1,39
BRDA:85,5,0,2
BRDA:85,5,1,37
BRDA:85,6,0,39
BRDA:85,6,1,2
BRDA:95,7,0,96
BRDA:95,7,1,52
BRDA:96,8,0,13
BRDA:96,8,1,39
BRDA:99,9,0,2
BRDA:99,9,1,37
BRDA:99,10,0,39
BRDA:99,10,1,2
BRDA:113,11,0,13
BRDA:113,11,1,24
BRDA:131,12,0,14
BRDA:131,12,1,97
BRDA:133,13,0,37
BRDA:133,13,1,60
BRDA:162,14,0,148
BRDA:162,14,1,52
BRDA:162,14,2,39
BRDA:162,14,3,15
BRDA:172,15,0,148
BRDA:172,15,1,52
BRDA:172,15,2,13
BRDA:180,16,0,148
BRDA:180,16,1,52
BRDA:180,16,2,13
BRDA:180,16,3,2
BRDA:193,17,0,37
BRDA:193,17,1,13
BRDA:196,18,0,11
BRDA:196,18,1,2
BRF:43
BRH:42
end_of_record
TN:
SF:src/theme.ts
FNF:0
FNH:0
DA:1,11
DA:33,11
DA:43,11
DA:51,11
LF:4
LH:4
BRF:0
BRH:0
end_of_record
TN:
SF:src/api/auth.ts
FN:20,(anonymous_0)
FN:29,(anonymous_1)
FN:38,(anonymous_2)
FN:57,(anonymous_3)
FNF:4
FNH:4
FNDA:2,(anonymous_0)
FNDA:2,(anonymous_1)
FNDA:3,(anonymous_2)
FNDA:1,(anonymous_3)
DA:19,1
DA:21,2
DA:25,1
DA:26,1
DA:30,2
DA:34,1
DA:35,1
DA:39,3
DA:40,3
DA:41,1
DA:44,2
DA:53,1
DA:54,1
DA:58,1
LF:14
LH:14
BRDA:40,0,0,1
BRDA:40,0,1,2
BRF:2
BRH:2
end_of_record
TN:
SF:src/api/client.ts
FN:23,(anonymous_0)
FN:24,(anonymous_1)
FN:36,(anonymous_2)
FN:43,(anonymous_3)
FN:48,(anonymous_4)
FN:49,(anonymous_5)
FN:69,(anonymous_6)
FN:71,(anonymous_7)
FNF:8
FNH:4
FNDA:3,(anonymous_0)
FNDA:0,(anonymous_1)
FNDA:17,(anonymous_2)
FNDA:0,(anonymous_3)
FNDA:4,(anonymous_4)
FNDA:13,(anonymous_5)
FNDA:0,(anonymous_6)
FNDA:0,(anonymous_7)
DA:6,1
DA:8,1
DA:17,1
DA:21,1
DA:23,1
DA:24,3
DA:25,0
DA:26,0
DA:28,0
DA:31,3
DA:35,1
DA:37,17
DA:38,17
DA:39,5
DA:41,17
DA:43,0
DA:47,1
DA:48,4
DA:50,13
DA:55,13
DA:58,6
DA:59,6
DA:60,3
DA:61,1
DA:62,1
DA:64,3
DA:67,3
DA:69,0
DA:70,0
DA:72,0
DA:73,0
DA:80,3
DA:81,3
DA:83,3
DA:84,3
DA:85,3
DA:86,1
DA:89,2
DA:99,1
DA:100,1
DA:102,1
DA:104,1
DA:105,1
DA:107,2
DA:108,2
DA:109,2
DA:110,2
DA:112,3
DA:118,7
DA:119,7
DA:121,5
DA:125,5
DA:128,7
LF:53
LH:45
BRDA:23,0,0,0
BRDA:25,1,0,0
BRDA:25,1,1,0
BRDA:38,2,0,5
BRDA:38,2,1,12
BRDA:55,3,0,6
BRDA:55,3,1,7
BRDA:55,4,0,13
BRDA:55,4,1,6
BRDA:58,5,0,6
BRDA:58,5,1,0
BRDA:59,6,0,3
BRDA:59,6,1,3
BRDA:60,7,0,1
BRDA:60,7,1,2
BRDA:67,8,0,0
BRDA:67,8,1,3
BRDA:85,9,0,1
BRDA:85,9,1,2
BRDA:118,10,0,7
BRDA:118,10,1,0
BRDA:119,11,0,5
BRDA:119,11,1,2
BRDA:119,12,0,7
BRDA:119,12,1,7
BRDA:121,13,0,5
BRDA:121,13,1,4
BRDA:121,13,2,3
BRDA:121,13,3,2
BRDA:123,14,0,1
BRDA:123,14,1,2
BRDA:124,15,0,1
BRDA:124,15,1,1
BRF:33
BRH:27
end_of_record
TN:
SF:src/components/ui/Button.tsx
FN:24,Button
FN:40,(anonymous_1)
FNF:2
FNH:2
FNDA:192,Button
FNDA:192,(anonymous_1)
DA:34,192
DA:36,192
DA:40,192
DA:73,4
LF:4
LH:4
BRDA:27,0,0,136
BRDA:28,1,0,70
BRDA:29,2,0,191
BRDA:34,3,0,192
BRDA:34,3,1,191
BRDA:43,4,0,192
BRDA:43,4,1,3
BRDA:44,5,0,192
BRDA:44,5,1,0
BRDA:44,6,0,0
BRDA:44,6,1,0
BRDA:45,7,0,192
BRDA:45,7,1,0
BRDA:45,7,2,0
BRDA:45,7,3,0
BRDA:46,8,0,192
BRDA:46,8,1,0
BRDA:50,9,0,2
BRDA:50,9,1,190
BRDA:52,10,0,2
BRDA:52,10,1,0
BRF:21
BRH:13
end_of_record
TN:
SF:src/components/ui/Input.tsx
FN:20,Input
FN:44,(anonymous_1)
FN:45,(anonymous_2)
FN:51,(anonymous_3)
FNF:4
FNH:4
FNDA:334,Input
FNDA:2,(anonymous_1)
FNDA:1,(anonymous_2)
FNDA:3,(anonymous_3)
DA:27,334
DA:28,334
DA:30,334
DA:44,2
DA:45,1
DA:51,3
DA:67,3
LF:7
LH:7
BRDA:23,0,0,134
BRDA:32,1,0,334
BRDA:32,1,1,320
BRDA:36,2,0,334
BRDA:36,2,1,2
BRDA:37,3,0,32
BRDA:37,3,1,302
BRDA:43,4,0,334
BRDA:43,4,1,199
BRDA:49,5,0,334
BRDA:49,5,1,199
BRDA:55,6,0,2
BRDA:55,6,1,197
BRDA:62,7,0,334
BRDA:62,7,1,32
BRF:15
BRH:15
end_of_record
TN:
SF:src/components/ui/WebContainer.tsx
FN:13,WebContainer
FNF:1
FNH:1
FNDA:6,WebContainer
DA:5,1
DA:6,1
DA:14,6
DA:17,6
DA:18,2
DA:21,4
DA:24,4
DA:25,1
DA:29,3
DA:38,1
LF:10
LH:10
BRDA:13,0,0,5
BRDA:17,1,0,2
BRDA:17,1,1,4
BRDA:24,2,0,1
BRDA:24,2,1,3
BRDA:31,3,0,3
BRDA:31,3,1,2
BRF:7
BRH:7
end_of_record
TN:
SF:src/context/AuthContext.tsx
FN:21,AuthProvider
FN:30,(anonymous_1)
FN:34,(anonymous_2)
FN:53,(anonymous_3)
FN:54,(anonymous_4)
FN:63,(anonymous_5)
FN:68,(anonymous_6)
FN:69,(anonymous_7)
FN:78,(anonymous_8)
FN:83,(anonymous_9)
FN:88,(anonymous_10)
FN:89,(anonymous_11)
FN:101,useAuth
FNF:13
FNH:13
FNDA:152,AuthProvider
FNDA:61,(anonymous_1)
FNDA:61,(anonymous_2)
FNDA:9,(anonymous_3)
FNDA:9,(anonymous_4)
FNDA:6,(anonymous_5)
FNDA:5,(anonymous_6)
FNDA:5,(anonymous_7)
FNDA:3,(anonymous_8)
FNDA:2,(anonymous_9)
FNDA:19,(anonymous_10)
FNDA:19,(anonymous_11)
FNDA:184,useAuth
DA:19,4
DA:22,152
DA:30,152
DA:31,61
DA:34,152
DA:35,61
DA:36,61
DA:37,61
DA:38,13
DA:39,13
DA:40,12
DA:42,1
DA:43,1
DA:46,48
DA:49,0
DA:53,152
DA:54,9
DA:55,9
DA:56,9
DA:57,3
DA:60,6
DA:63,6
DA:64,6
DA:68,152
DA:69,5
DA:70,5
DA:71,5
DA:72,2
DA:75,3
DA:78,3
DA:79,3
DA:83,152
DA:84,2
DA:85,2
DA:88,152
DA:89,19
DA:92,152
DA:102,184
DA:103,184
DA:104,2
DA:106,182
LF:41
LH:40
BRDA:37,0,0,13
BRDA:37,0,1,48
BRDA:60,1,0,6
BRDA:60,1,1,2
BRDA:60,1,2,1
BRDA:75,2,0,3
BRDA:75,2,1,1
BRDA:75,2,2,1
BRDA:103,3,0,2
BRDA:103,3,1,182
BRF:10
BRH:10
end_of_record
TN:
SF:src/context/ToastContext.tsx
FN:20,triggerToast
FN:26,ToastProvider
FN:30,(anonymous_2)
FN:33,(anonymous_3)
FN:33,(anonymous_4)
FN:37,(anonymous_5)
FN:39,(anonymous_6)
FN:40,(anonymous_7)
FN:46,(anonymous_8)
FN:48,(anonymous_9)
FN:61,useToast
FN:89,ToastItem
FN:99,(anonymous_12)
FN:121,(anonymous_13)
FN:128,ToastStack
FN:138,(anonymous_15)
FNF:16
FNH:16
FNDA:3,triggerToast
FNDA:22,ToastProvider
FNDA:12,(anonymous_2)
FNDA:2,(anonymous_3)
FNDA:2,(anonymous_4)
FNDA:12,(anonymous_5)
FNDA:12,(anonymous_6)
FNDA:11,(anonymous_7)
FNDA:11,(anonymous_8)
FNDA:11,(anonymous_9)
FNDA:19,useToast
FNDA:11,ToastItem
FNDA:11,(anonymous_12)
FNDA:1,(anonymous_13)
FNDA:22,ToastStack
FNDA:11,(anonymous_15)
DA:15,1
DA:18,1
DA:21,3
DA:24,1
DA:27,22
DA:28,22
DA:30,22
DA:31,12
DA:32,12
DA:33,12
DA:36,22
DA:38,12
DA:39,12
DA:40,12
DA:46,22
DA:47,11
DA:48,11
DA:49,11
DA:53,22
DA:62,19
DA:63,19
DA:64,17
DA:82,1
DA:96,11
DA:97,11
DA:99,11
DA:100,11
DA:106,11
DA:108,11
DA:121,1
DA:135,22
DA:136,9
DA:139,11
DA:145,1
LF:34
LH:34
BRDA:20,0,0,1
BRDA:37,1,0,1
BRDA:63,2,0,2
BRDA:63,2,1,17
BRDA:135,3,0,13
BRDA:135,3,1,9
BRDA:148,4,0,1
BRDA:148,4,1,0
BRF:8
BRH:7
end_of_record
TN:
SF:src/storage/tokenStorage.ts
FN:9,(anonymous_0)
FN:16,(anonymous_1)
FN:21,(anonymous_2)
FN:28,getItem
FN:35,setItem
FN:43,deleteItem
FN:52,(anonymous_6)
FN:53,(anonymous_7)
FN:55,(anonymous_8)
FN:60,(anonymous_9)
FNF:10
FNH:10
FNDA:2,(anonymous_0)
FNDA:2,(anonymous_1)
FNDA:2,(anonymous_2)
FNDA:7,getItem
FNDA:6,setItem
FNDA:4,deleteItem
FNDA:5,(anonymous_6)
FNDA:2,(anonymous_7)
FNDA:3,(anonymous_8)
FNDA:2,(anonymous_9)
DA:4,1
DA:5,1
DA:8,1
DA:10,2
DA:11,2
DA:13,1
DA:17,2
DA:18,2
DA:22,2
DA:23,2
DA:29,7
DA:30,2
DA:32,5
DA:36,6
DA:37,2
DA:38,2
DA:40,4
DA:44,4
DA:45,2
DA:46,2
DA:48,2
DA:51,1
DA:52,5
DA:53,2
DA:56,3
DA:57,3
DA:61,2
DA:62,2
LF:28
LH:28
BRDA:29,0,0,2
BRDA:29,0,1,5
BRDA:36,1,0,2
BRDA:36,1,1,4
BRDA:44,2,0,2
BRDA:44,2,1,2
BRF:6
BRH:6
end_of_record
